<?xml version="1.0" encoding="UTF-8"?>
<testsuite xmlns:xsi="http://www.w3.org/2001/XMLSchema-instance" xsi:noNamespaceSchemaLocation="https://maven.apache.org/surefire/maven-surefire-plugin/xsd/surefire-test-report.xsd" name="com.currency.configserver.ConfigServerApplicationTests" time="4.89" tests="1" errors="1" skipped="0" failures="0">
  <properties>
    <property name="sun.desktop" value="windows"/>
    <property name="awt.toolkit" value="sun.awt.windows.WToolkit"/>
    <property name="file.encoding.pkg" value="sun.io"/>
    <property name="java.specification.version" value="1.8"/>
    <property name="sun.cpu.isalist" value="amd64"/>
    <property name="sun.jnu.encoding" value="Cp1252"/>
    <property name="java.class.path" value="C:\Users\Sayantan\Desktop\Docker Currency\Currency\config-server\target\test-classes;C:\Users\Sayantan\Desktop\Docker Currency\Currency\config-server\target\classes;C:\Users\Sayantan\.m2\repository\org\springframework\boot\spring-boot-starter-actuator\2.5.1\spring-boot-starter-actuator-2.5.1.jar;C:\Users\Sayantan\.m2\repository\org\springframework\boot\spring-boot-starter\2.5.1\spring-boot-starter-2.5.1.jar;C:\Users\Sayantan\.m2\repository\org\springframework\boot\spring-boot-starter-logging\2.5.1\spring-boot-starter-logging-2.5.1.jar;C:\Users\Sayantan\.m2\repository\ch\qos\logback\logback-classic\1.2.3\logback-classic-1.2.3.jar;C:\Users\Sayantan\.m2\repository\ch\qos\logback\logback-core\1.2.3\logback-core-1.2.3.jar;C:\Users\Sayantan\.m2\repository\org\apache\logging\log4j\log4j-to-slf4j\2.14.1\log4j-to-slf4j-2.14.1.jar;C:\Users\Sayantan\.m2\repository\org\apache\logging\log4j\log4j-api\2.14.1\log4j-api-2.14.1.jar;C:\Users\Sayantan\.m2\repository\org\slf4j\jul-to-slf4j\1.7.30\jul-to-slf4j-1.7.30.jar;C:\Users\Sayantan\.m2\repository\jakarta\annotation\jakarta.annotation-api\1.3.5\jakarta.annotation-api-1.3.5.jar;C:\Users\Sayantan\.m2\repository\org\springframework\boot\spring-boot-actuator-autoconfigure\2.5.1\spring-boot-actuator-autoconfigure-2.5.1.jar;C:\Users\Sayantan\.m2\repository\org\springframework\boot\spring-boot-actuator\2.5.1\spring-boot-actuator-2.5.1.jar;C:\Users\Sayantan\.m2\repository\com\fasterxml\jackson\core\jackson-databind\2.12.3\jackson-databind-2.12.3.jar;C:\Users\Sayantan\.m2\repository\com\fasterxml\jackson\datatype\jackson-datatype-jsr310\2.12.3\jackson-datatype-jsr310-2.12.3.jar;C:\Users\Sayantan\.m2\repository\io\micrometer\micrometer-core\1.7.0\micrometer-core-1.7.0.jar;C:\Users\Sayantan\.m2\repository\org\hdrhistogram\HdrHistogram\2.1.12\HdrHistogram-2.1.12.jar;C:\Users\Sayantan\.m2\repository\org\latencyutils\LatencyUtils\2.0.3\LatencyUtils-2.0.3.jar;C:\Users\Sayantan\.m2\repository\org\springframework\cloud\spring-cloud-config-server\3.0.4\spring-cloud-config-server-3.0.4.jar;C:\Users\Sayantan\.m2\repository\org\springframework\cloud\spring-cloud-config-client\3.0.4\spring-cloud-config-client-3.0.4.jar;C:\Users\Sayantan\.m2\repository\org\springframework\cloud\spring-cloud-commons\3.0.3\spring-cloud-commons-3.0.3.jar;C:\Users\Sayantan\.m2\repository\org\springframework\cloud\spring-cloud-context\3.0.3\spring-cloud-context-3.0.3.jar;C:\Users\Sayantan\.m2\repository\com\fasterxml\jackson\core\jackson-annotations\2.12.3\jackson-annotations-2.12.3.jar;C:\Users\Sayantan\.m2\repository\org\apache\httpcomponents\httpclient\4.5.13\httpclient-4.5.13.jar;C:\Users\Sayantan\.m2\repository\commons-codec\commons-codec\1.15\commons-codec-1.15.jar;C:\Users\Sayantan\.m2\repository\org\springframework\boot\spring-boot-starter-validation\2.5.1\spring-boot-starter-validation-2.5.1.jar;C:\Users\Sayantan\.m2\repository\org\apache\tomcat\embed\tomcat-embed-el\9.0.46\tomcat-embed-el-9.0.46.jar;C:\Users\Sayantan\.m2\repository\org\hibernate\validator\hibernate-validator\6.2.0.Final\hibernate-validator-6.2.0.Final.jar;C:\Users\Sayantan\.m2\repository\jakarta\validation\jakarta.validation-api\2.0.2\jakarta.validation-api-2.0.2.jar;C:\Users\Sayantan\.m2\repository\org\jboss\logging\jboss-logging\3.4.2.Final\jboss-logging-3.4.2.Final.jar;C:\Users\Sayantan\.m2\repository\com\fasterxml\classmate\1.5.1\classmate-1.5.1.jar;C:\Users\Sayantan\.m2\repository\org\springframework\security\spring-security-crypto\5.5.0\spring-security-crypto-5.5.0.jar;C:\Users\Sayantan\.m2\repository\org\springframework\security\spring-security-rsa\1.0.10.RELEASE\spring-security-rsa-1.0.10.RELEASE.jar;C:\Users\Sayantan\.m2\repository\org\bouncycastle\bcpkix-jdk15on\1.68\bcpkix-jdk15on-1.68.jar;C:\Users\Sayantan\.m2\repository\org\bouncycastle\bcprov-jdk15on\1.68\bcprov-jdk15on-1.68.jar;C:\Users\Sayantan\.m2\repository\org\eclipse\jgit\org.eclipse.jgit\5.1.3.201810200350-r\org.eclipse.jgit-5.1.3.201810200350-r.jar;C:\Users\Sayantan\.m2\repository\com\jcraft\jsch\0.1.55\jsch-0.1.55.jar;C:\Users\Sayantan\.m2\repository\com\jcraft\jzlib\1.1.1\jzlib-1.1.1.jar;C:\Users\Sayantan\.m2\repository\com\googlecode\javaewah\JavaEWAH\1.1.6\JavaEWAH-1.1.6.jar;C:\Users\Sayantan\.m2\repository\org\slf4j\slf4j-api\1.7.30\slf4j-api-1.7.30.jar;C:\Users\Sayantan\.m2\repository\org\eclipse\jgit\org.eclipse.jgit.http.apache\5.1.3.201810200350-r\org.eclipse.jgit.http.apache-5.1.3.201810200350-r.jar;C:\Users\Sayantan\.m2\repository\org\apache\httpcomponents\httpcore\4.4.14\httpcore-4.4.14.jar;C:\Users\Sayantan\.m2\repository\org\yaml\snakeyaml\1.28\snakeyaml-1.28.jar;C:\Users\Sayantan\.m2\repository\com\fasterxml\jackson\dataformat\jackson-dataformat-yaml\2.12.3\jackson-dataformat-yaml-2.12.3.jar;C:\Users\Sayantan\.m2\repository\com\fasterxml\jackson\core\jackson-core\2.12.3\jackson-core-2.12.3.jar;C:\Users\Sayantan\.m2\repository\org\springframework\boot\spring-boot-starter-web\2.5.1\spring-boot-starter-web-2.5.1.jar;C:\Users\Sayantan\.m2\repository\org\springframework\boot\spring-boot-starter-json\2.5.1\spring-boot-starter-json-2.5.1.jar;C:\Users\Sayantan\.m2\repository\com\fasterxml\jackson\datatype\jackson-datatype-jdk8\2.12.3\jackson-datatype-jdk8-2.12.3.jar;C:\Users\Sayantan\.m2\repository\com\fasterxml\jackson\module\jackson-module-parameter-names\2.12.3\jackson-module-parameter-names-2.12.3.jar;C:\Users\Sayantan\.m2\repository\org\springframework\boot\spring-boot-starter-tomcat\2.5.1\spring-boot-starter-tomcat-2.5.1.jar;C:\Users\Sayantan\.m2\repository\org\apache\tomcat\embed\tomcat-embed-core\9.0.46\tomcat-embed-core-9.0.46.jar;C:\Users\Sayantan\.m2\repository\org\apache\tomcat\embed\tomcat-embed-websocket\9.0.46\tomcat-embed-websocket-9.0.46.jar;C:\Users\Sayantan\.m2\repository\org\springframework\spring-web\5.3.8\spring-web-5.3.8.jar;C:\Users\Sayantan\.m2\repository\org\springframework\spring-beans\5.3.8\spring-beans-5.3.8.jar;C:\Users\Sayantan\.m2\repository\org\springframework\spring-webmvc\5.3.8\spring-webmvc-5.3.8.jar;C:\Users\Sayantan\.m2\repository\org\springframework\spring-aop\5.3.8\spring-aop-5.3.8.jar;C:\Users\Sayantan\.m2\repository\org\springframework\spring-context\5.3.8\spring-context-5.3.8.jar;C:\Users\Sayantan\.m2\repository\org\springframework\spring-expression\5.3.8\spring-expression-5.3.8.jar;C:\Users\Sayantan\.m2\repository\org\springframework\boot\spring-boot-devtools\2.5.1\spring-boot-devtools-2.5.1.jar;C:\Users\Sayantan\.m2\repository\org\springframework\boot\spring-boot\2.5.1\spring-boot-2.5.1.jar;C:\Users\Sayantan\.m2\repository\org\springframework\boot\spring-boot-autoconfigure\2.5.1\spring-boot-autoconfigure-2.5.1.jar;C:\Users\Sayantan\.m2\repository\org\projectlombok\lombok\1.18.20\lombok-1.18.20.jar;C:\Users\Sayantan\.m2\repository\org\springframework\cloud\spring-cloud-starter-bootstrap\3.0.3\spring-cloud-starter-bootstrap-3.0.3.jar;C:\Users\Sayantan\.m2\repository\org\springframework\cloud\spring-cloud-starter\3.0.3\spring-cloud-starter-3.0.3.jar;C:\Users\Sayantan\.m2\repository\com\github\ulisesbocchio\jasypt-spring-boot-starter\3.0.3\jasypt-spring-boot-starter-3.0.3.jar;C:\Users\Sayantan\.m2\repository\com\github\ulisesbocchio\jasypt-spring-boot\3.0.3\jasypt-spring-boot-3.0.3.jar;C:\Users\Sayantan\.m2\repository\org\jasypt\jasypt\1.9.3\jasypt-1.9.3.jar;C:\Users\Sayantan\.m2\repository\org\springframework\boot\spring-boot-starter-test\2.5.1\spring-boot-starter-test-2.5.1.jar;C:\Users\Sayantan\.m2\repository\org\springframework\boot\spring-boot-test\2.5.1\spring-boot-test-2.5.1.jar;C:\Users\Sayantan\.m2\repository\org\springframework\boot\spring-boot-test-autoconfigure\2.5.1\spring-boot-test-autoconfigure-2.5.1.jar;C:\Users\Sayantan\.m2\repository\com\jayway\jsonpath\json-path\2.5.0\json-path-2.5.0.jar;C:\Users\Sayantan\.m2\repository\net\minidev\json-smart\2.4.7\json-smart-2.4.7.jar;C:\Users\Sayantan\.m2\repository\net\minidev\accessors-smart\2.4.7\accessors-smart-2.4.7.jar;C:\Users\Sayantan\.m2\repository\org\ow2\asm\asm\9.1\asm-9.1.jar;C:\Users\Sayantan\.m2\repository\jakarta\xml\bind\jakarta.xml.bind-api\2.3.3\jakarta.xml.bind-api-2.3.3.jar;C:\Users\Sayantan\.m2\repository\jakarta\activation\jakarta.activation-api\1.2.2\jakarta.activation-api-1.2.2.jar;C:\Users\Sayantan\.m2\repository\org\assertj\assertj-core\3.19.0\assertj-core-3.19.0.jar;C:\Users\Sayantan\.m2\repository\org\hamcrest\hamcrest\2.2\hamcrest-2.2.jar;C:\Users\Sayantan\.m2\repository\org\junit\jupiter\junit-jupiter\5.7.2\junit-jupiter-5.7.2.jar;C:\Users\Sayantan\.m2\repository\org\junit\jupiter\junit-jupiter-api\5.7.2\junit-jupiter-api-5.7.2.jar;C:\Users\Sayantan\.m2\repository\org\apiguardian\apiguardian-api\1.1.0\apiguardian-api-1.1.0.jar;C:\Users\Sayantan\.m2\repository\org\opentest4j\opentest4j\1.2.0\opentest4j-1.2.0.jar;C:\Users\Sayantan\.m2\repository\org\junit\platform\junit-platform-commons\1.7.2\junit-platform-commons-1.7.2.jar;C:\Users\Sayantan\.m2\repository\org\junit\jupiter\junit-jupiter-params\5.7.2\junit-jupiter-params-5.7.2.jar;C:\Users\Sayantan\.m2\repository\org\junit\jupiter\junit-jupiter-engine\5.7.2\junit-jupiter-engine-5.7.2.jar;C:\Users\Sayantan\.m2\repository\org\junit\platform\junit-platform-engine\1.7.2\junit-platform-engine-1.7.2.jar;C:\Users\Sayantan\.m2\repository\org\mockito\mockito-core\3.9.0\mockito-core-3.9.0.jar;C:\Users\Sayantan\.m2\repository\net\bytebuddy\byte-buddy\1.10.22\byte-buddy-1.10.22.jar;C:\Users\Sayantan\.m2\repository\net\bytebuddy\byte-buddy-agent\1.10.22\byte-buddy-agent-1.10.22.jar;C:\Users\Sayantan\.m2\repository\org\objenesis\objenesis\3.2\objenesis-3.2.jar;C:\Users\Sayantan\.m2\repository\org\mockito\mockito-junit-jupiter\3.9.0\mockito-junit-jupiter-3.9.0.jar;C:\Users\Sayantan\.m2\repository\org\skyscreamer\jsonassert\1.5.0\jsonassert-1.5.0.jar;C:\Users\Sayantan\.m2\repository\com\vaadin\external\google\android-json\0.0.20131108.vaadin1\android-json-0.0.20131108.vaadin1.jar;C:\Users\Sayantan\.m2\repository\org\springframework\spring-core\5.3.8\spring-core-5.3.8.jar;C:\Users\Sayantan\.m2\repository\org\springframework\spring-jcl\5.3.8\spring-jcl-5.3.8.jar;C:\Users\Sayantan\.m2\repository\org\springframework\spring-test\5.3.8\spring-test-5.3.8.jar;C:\Users\Sayantan\.m2\repository\org\xmlunit\xmlunit-core\2.8.2\xmlunit-core-2.8.2.jar;"/>
    <property name="java.vm.vendor" value="Oracle Corporation"/>
    <property name="sun.arch.data.model" value="64"/>
    <property name="user.variant" value=""/>
    <property name="java.vendor.url" value="http://java.oracle.com/"/>
    <property name="user.timezone" value="Asia/Calcutta"/>
    <property name="java.vm.specification.version" value="1.8"/>
    <property name="os.name" value="Windows 10"/>
    <property name="user.country" value="US"/>
    <property name="sun.java.launcher" value="SUN_STANDARD"/>
    <property name="sun.boot.library.path" value="C:\Program Files\Java\jdk1.8.0_241\jre\bin"/>
    <property name="sun.java.command" value="C:\Users\Sayantan\AppData\Local\Temp\surefire8282301338823491004\surefirebooter6420981552585822981.jar C:\Users\Sayantan\AppData\Local\Temp\surefire8282301338823491004 2021-06-29T10-59-45_360-jvmRun1 surefire5257314885381290967tmp surefire_03943976075270887812tmp"/>
    <property name="surefire.test.class.path" value="C:\Users\Sayantan\Desktop\Docker Currency\Currency\config-server\target\test-classes;C:\Users\Sayantan\Desktop\Docker Currency\Currency\config-server\target\classes;C:\Users\Sayantan\.m2\repository\org\springframework\boot\spring-boot-starter-actuator\2.5.1\spring-boot-starter-actuator-2.5.1.jar;C:\Users\Sayantan\.m2\repository\org\springframework\boot\spring-boot-starter\2.5.1\spring-boot-starter-2.5.1.jar;C:\Users\Sayantan\.m2\repository\org\springframework\boot\spring-boot-starter-logging\2.5.1\spring-boot-starter-logging-2.5.1.jar;C:\Users\Sayantan\.m2\repository\ch\qos\logback\logback-classic\1.2.3\logback-classic-1.2.3.jar;C:\Users\Sayantan\.m2\repository\ch\qos\logback\logback-core\1.2.3\logback-core-1.2.3.jar;C:\Users\Sayantan\.m2\repository\org\apache\logging\log4j\log4j-to-slf4j\2.14.1\log4j-to-slf4j-2.14.1.jar;C:\Users\Sayantan\.m2\repository\org\apache\logging\log4j\log4j-api\2.14.1\log4j-api-2.14.1.jar;C:\Users\Sayantan\.m2\repository\org\slf4j\jul-to-slf4j\1.7.30\jul-to-slf4j-1.7.30.jar;C:\Users\Sayantan\.m2\repository\jakarta\annotation\jakarta.annotation-api\1.3.5\jakarta.annotation-api-1.3.5.jar;C:\Users\Sayantan\.m2\repository\org\springframework\boot\spring-boot-actuator-autoconfigure\2.5.1\spring-boot-actuator-autoconfigure-2.5.1.jar;C:\Users\Sayantan\.m2\repository\org\springframework\boot\spring-boot-actuator\2.5.1\spring-boot-actuator-2.5.1.jar;C:\Users\Sayantan\.m2\repository\com\fasterxml\jackson\core\jackson-databind\2.12.3\jackson-databind-2.12.3.jar;C:\Users\Sayantan\.m2\repository\com\fasterxml\jackson\datatype\jackson-datatype-jsr310\2.12.3\jackson-datatype-jsr310-2.12.3.jar;C:\Users\Sayantan\.m2\repository\io\micrometer\micrometer-core\1.7.0\micrometer-core-1.7.0.jar;C:\Users\Sayantan\.m2\repository\org\hdrhistogram\HdrHistogram\2.1.12\HdrHistogram-2.1.12.jar;C:\Users\Sayantan\.m2\repository\org\latencyutils\LatencyUtils\2.0.3\LatencyUtils-2.0.3.jar;C:\Users\Sayantan\.m2\repository\org\springframework\cloud\spring-cloud-config-server\3.0.4\spring-cloud-config-server-3.0.4.jar;C:\Users\Sayantan\.m2\repository\org\springframework\cloud\spring-cloud-config-client\3.0.4\spring-cloud-config-client-3.0.4.jar;C:\Users\Sayantan\.m2\repository\org\springframework\cloud\spring-cloud-commons\3.0.3\spring-cloud-commons-3.0.3.jar;C:\Users\Sayantan\.m2\repository\org\springframework\cloud\spring-cloud-context\3.0.3\spring-cloud-context-3.0.3.jar;C:\Users\Sayantan\.m2\repository\com\fasterxml\jackson\core\jackson-annotations\2.12.3\jackson-annotations-2.12.3.jar;C:\Users\Sayantan\.m2\repository\org\apache\httpcomponents\httpclient\4.5.13\httpclient-4.5.13.jar;C:\Users\Sayantan\.m2\repository\commons-codec\commons-codec\1.15\commons-codec-1.15.jar;C:\Users\Sayantan\.m2\repository\org\springframework\boot\spring-boot-starter-validation\2.5.1\spring-boot-starter-validation-2.5.1.jar;C:\Users\Sayantan\.m2\repository\org\apache\tomcat\embed\tomcat-embed-el\9.0.46\tomcat-embed-el-9.0.46.jar;C:\Users\Sayantan\.m2\repository\org\hibernate\validator\hibernate-validator\6.2.0.Final\hibernate-validator-6.2.0.Final.jar;C:\Users\Sayantan\.m2\repository\jakarta\validation\jakarta.validation-api\2.0.2\jakarta.validation-api-2.0.2.jar;C:\Users\Sayantan\.m2\repository\org\jboss\logging\jboss-logging\3.4.2.Final\jboss-logging-3.4.2.Final.jar;C:\Users\Sayantan\.m2\repository\com\fasterxml\classmate\1.5.1\classmate-1.5.1.jar;C:\Users\Sayantan\.m2\repository\org\springframework\security\spring-security-crypto\5.5.0\spring-security-crypto-5.5.0.jar;C:\Users\Sayantan\.m2\repository\org\springframework\security\spring-security-rsa\1.0.10.RELEASE\spring-security-rsa-1.0.10.RELEASE.jar;C:\Users\Sayantan\.m2\repository\org\bouncycastle\bcpkix-jdk15on\1.68\bcpkix-jdk15on-1.68.jar;C:\Users\Sayantan\.m2\repository\org\bouncycastle\bcprov-jdk15on\1.68\bcprov-jdk15on-1.68.jar;C:\Users\Sayantan\.m2\repository\org\eclipse\jgit\org.eclipse.jgit\5.1.3.201810200350-r\org.eclipse.jgit-5.1.3.201810200350-r.jar;C:\Users\Sayantan\.m2\repository\com\jcraft\jsch\0.1.55\jsch-0.1.55.jar;C:\Users\Sayantan\.m2\repository\com\jcraft\jzlib\1.1.1\jzlib-1.1.1.jar;C:\Users\Sayantan\.m2\repository\com\googlecode\javaewah\JavaEWAH\1.1.6\JavaEWAH-1.1.6.jar;C:\Users\Sayantan\.m2\repository\org\slf4j\slf4j-api\1.7.30\slf4j-api-1.7.30.jar;C:\Users\Sayantan\.m2\repository\org\eclipse\jgit\org.eclipse.jgit.http.apache\5.1.3.201810200350-r\org.eclipse.jgit.http.apache-5.1.3.201810200350-r.jar;C:\Users\Sayantan\.m2\repository\org\apache\httpcomponents\httpcore\4.4.14\httpcore-4.4.14.jar;C:\Users\Sayantan\.m2\repository\org\yaml\snakeyaml\1.28\snakeyaml-1.28.jar;C:\Users\Sayantan\.m2\repository\com\fasterxml\jackson\dataformat\jackson-dataformat-yaml\2.12.3\jackson-dataformat-yaml-2.12.3.jar;C:\Users\Sayantan\.m2\repository\com\fasterxml\jackson\core\jackson-core\2.12.3\jackson-core-2.12.3.jar;C:\Users\Sayantan\.m2\repository\org\springframework\boot\spring-boot-starter-web\2.5.1\spring-boot-starter-web-2.5.1.jar;C:\Users\Sayantan\.m2\repository\org\springframework\boot\spring-boot-starter-json\2.5.1\spring-boot-starter-json-2.5.1.jar;C:\Users\Sayantan\.m2\repository\com\fasterxml\jackson\datatype\jackson-datatype-jdk8\2.12.3\jackson-datatype-jdk8-2.12.3.jar;C:\Users\Sayantan\.m2\repository\com\fasterxml\jackson\module\jackson-module-parameter-names\2.12.3\jackson-module-parameter-names-2.12.3.jar;C:\Users\Sayantan\.m2\repository\org\springframework\boot\spring-boot-starter-tomcat\2.5.1\spring-boot-starter-tomcat-2.5.1.jar;C:\Users\Sayantan\.m2\repository\org\apache\tomcat\embed\tomcat-embed-core\9.0.46\tomcat-embed-core-9.0.46.jar;C:\Users\Sayantan\.m2\repository\org\apache\tomcat\embed\tomcat-embed-websocket\9.0.46\tomcat-embed-websocket-9.0.46.jar;C:\Users\Sayantan\.m2\repository\org\springframework\spring-web\5.3.8\spring-web-5.3.8.jar;C:\Users\Sayantan\.m2\repository\org\springframework\spring-beans\5.3.8\spring-beans-5.3.8.jar;C:\Users\Sayantan\.m2\repository\org\springframework\spring-webmvc\5.3.8\spring-webmvc-5.3.8.jar;C:\Users\Sayantan\.m2\repository\org\springframework\spring-aop\5.3.8\spring-aop-5.3.8.jar;C:\Users\Sayantan\.m2\repository\org\springframework\spring-context\5.3.8\spring-context-5.3.8.jar;C:\Users\Sayantan\.m2\repository\org\springframework\spring-expression\5.3.8\spring-expression-5.3.8.jar;C:\Users\Sayantan\.m2\repository\org\springframework\boot\spring-boot-devtools\2.5.1\spring-boot-devtools-2.5.1.jar;C:\Users\Sayantan\.m2\repository\org\springframework\boot\spring-boot\2.5.1\spring-boot-2.5.1.jar;C:\Users\Sayantan\.m2\repository\org\springframework\boot\spring-boot-autoconfigure\2.5.1\spring-boot-autoconfigure-2.5.1.jar;C:\Users\Sayantan\.m2\repository\org\projectlombok\lombok\1.18.20\lombok-1.18.20.jar;C:\Users\Sayantan\.m2\repository\org\springframework\cloud\spring-cloud-starter-bootstrap\3.0.3\spring-cloud-starter-bootstrap-3.0.3.jar;C:\Users\Sayantan\.m2\repository\org\springframework\cloud\spring-cloud-starter\3.0.3\spring-cloud-starter-3.0.3.jar;C:\Users\Sayantan\.m2\repository\com\github\ulisesbocchio\jasypt-spring-boot-starter\3.0.3\jasypt-spring-boot-starter-3.0.3.jar;C:\Users\Sayantan\.m2\repository\com\github\ulisesbocchio\jasypt-spring-boot\3.0.3\jasypt-spring-boot-3.0.3.jar;C:\Users\Sayantan\.m2\repository\org\jasypt\jasypt\1.9.3\jasypt-1.9.3.jar;C:\Users\Sayantan\.m2\repository\org\springframework\boot\spring-boot-starter-test\2.5.1\spring-boot-starter-test-2.5.1.jar;C:\Users\Sayantan\.m2\repository\org\springframework\boot\spring-boot-test\2.5.1\spring-boot-test-2.5.1.jar;C:\Users\Sayantan\.m2\repository\org\springframework\boot\spring-boot-test-autoconfigure\2.5.1\spring-boot-test-autoconfigure-2.5.1.jar;C:\Users\Sayantan\.m2\repository\com\jayway\jsonpath\json-path\2.5.0\json-path-2.5.0.jar;C:\Users\Sayantan\.m2\repository\net\minidev\json-smart\2.4.7\json-smart-2.4.7.jar;C:\Users\Sayantan\.m2\repository\net\minidev\accessors-smart\2.4.7\accessors-smart-2.4.7.jar;C:\Users\Sayantan\.m2\repository\org\ow2\asm\asm\9.1\asm-9.1.jar;C:\Users\Sayantan\.m2\repository\jakarta\xml\bind\jakarta.xml.bind-api\2.3.3\jakarta.xml.bind-api-2.3.3.jar;C:\Users\Sayantan\.m2\repository\jakarta\activation\jakarta.activation-api\1.2.2\jakarta.activation-api-1.2.2.jar;C:\Users\Sayantan\.m2\repository\org\assertj\assertj-core\3.19.0\assertj-core-3.19.0.jar;C:\Users\Sayantan\.m2\repository\org\hamcrest\hamcrest\2.2\hamcrest-2.2.jar;C:\Users\Sayantan\.m2\repository\org\junit\jupiter\junit-jupiter\5.7.2\junit-jupiter-5.7.2.jar;C:\Users\Sayantan\.m2\repository\org\junit\jupiter\junit-jupiter-api\5.7.2\junit-jupiter-api-5.7.2.jar;C:\Users\Sayantan\.m2\repository\org\apiguardian\apiguardian-api\1.1.0\apiguardian-api-1.1.0.jar;C:\Users\Sayantan\.m2\repository\org\opentest4j\opentest4j\1.2.0\opentest4j-1.2.0.jar;C:\Users\Sayantan\.m2\repository\org\junit\platform\junit-platform-commons\1.7.2\junit-platform-commons-1.7.2.jar;C:\Users\Sayantan\.m2\repository\org\junit\jupiter\junit-jupiter-params\5.7.2\junit-jupiter-params-5.7.2.jar;C:\Users\Sayantan\.m2\repository\org\junit\jupiter\junit-jupiter-engine\5.7.2\junit-jupiter-engine-5.7.2.jar;C:\Users\Sayantan\.m2\repository\org\junit\platform\junit-platform-engine\1.7.2\junit-platform-engine-1.7.2.jar;C:\Users\Sayantan\.m2\repository\org\mockito\mockito-core\3.9.0\mockito-core-3.9.0.jar;C:\Users\Sayantan\.m2\repository\net\bytebuddy\byte-buddy\1.10.22\byte-buddy-1.10.22.jar;C:\Users\Sayantan\.m2\repository\net\bytebuddy\byte-buddy-agent\1.10.22\byte-buddy-agent-1.10.22.jar;C:\Users\Sayantan\.m2\repository\org\objenesis\objenesis\3.2\objenesis-3.2.jar;C:\Users\Sayantan\.m2\repository\org\mockito\mockito-junit-jupiter\3.9.0\mockito-junit-jupiter-3.9.0.jar;C:\Users\Sayantan\.m2\repository\org\skyscreamer\jsonassert\1.5.0\jsonassert-1.5.0.jar;C:\Users\Sayantan\.m2\repository\com\vaadin\external\google\android-json\0.0.20131108.vaadin1\android-json-0.0.20131108.vaadin1.jar;C:\Users\Sayantan\.m2\repository\org\springframework\spring-core\5.3.8\spring-core-5.3.8.jar;C:\Users\Sayantan\.m2\repository\org\springframework\spring-jcl\5.3.8\spring-jcl-5.3.8.jar;C:\Users\Sayantan\.m2\repository\org\springframework\spring-test\5.3.8\spring-test-5.3.8.jar;C:\Users\Sayantan\.m2\repository\org\xmlunit\xmlunit-core\2.8.2\xmlunit-core-2.8.2.jar;"/>
    <property name="sun.cpu.endian" value="little"/>
    <property name="user.home" value="C:\Users\Sayantan"/>
    <property name="user.language" value="en"/>
    <property name="java.specification.vendor" value="Oracle Corporation"/>
    <property name="java.home" value="C:\Program Files\Java\jdk1.8.0_241\jre"/>
    <property name="basedir" value="C:\Users\Sayantan\Desktop\Docker Currency\Currency\config-server"/>
    <property name="file.separator" value="\"/>
    <property name="line.separator" value="&#10;"/>
    <property name="java.vm.specification.vendor" value="Oracle Corporation"/>
    <property name="java.specification.name" value="Java Platform API Specification"/>
    <property name="java.awt.graphicsenv" value="sun.awt.Win32GraphicsEnvironment"/>
    <property name="surefire.real.class.path" value="C:\Users\Sayantan\AppData\Local\Temp\surefire8282301338823491004\surefirebooter6420981552585822981.jar"/>
    <property name="sun.boot.class.path" value="C:\Program Files\Java\jdk1.8.0_241\jre\lib\resources.jar;C:\Program Files\Java\jdk1.8.0_241\jre\lib\rt.jar;C:\Program Files\Java\jdk1.8.0_241\jre\lib\sunrsasign.jar;C:\Program Files\Java\jdk1.8.0_241\jre\lib\jsse.jar;C:\Program Files\Java\jdk1.8.0_241\jre\lib\jce.jar;C:\Program Files\Java\jdk1.8.0_241\jre\lib\charsets.jar;C:\Program Files\Java\jdk1.8.0_241\jre\lib\jfr.jar;C:\Program Files\Java\jdk1.8.0_241\jre\classes"/>
    <property name="user.script" value=""/>
    <property name="sun.management.compiler" value="HotSpot 64-Bit Tiered Compilers"/>
    <property name="java.runtime.version" value="1.8.0_241-b07"/>
    <property name="user.name" value="Sayantan"/>
    <property name="path.separator" value=";"/>
    <property name="os.version" value="10.0"/>
    <property name="java.endorsed.dirs" value="C:\Program Files\Java\jdk1.8.0_241\jre\lib\endorsed"/>
    <property name="java.runtime.name" value="Java(TM) SE Runtime Environment"/>
    <property name="file.encoding" value="Cp1252"/>
    <property name="java.vm.name" value="Java HotSpot(TM) 64-Bit Server VM"/>
    <property name="localRepository" value="C:\Users\Sayantan\.m2\repository"/>
    <property name="java.vendor.url.bug" value="http://bugreport.sun.com/bugreport/"/>
    <property name="java.io.tmpdir" value="C:\Users\Sayantan\AppData\Local\Temp\"/>
    <property name="idea.version" value="2021.1.2"/>
    <property name="java.version" value="1.8.0_241"/>
    <property name="user.dir" value="C:\Users\Sayantan\Desktop\Docker Currency\Currency\config-server"/>
    <property name="os.arch" value="amd64"/>
    <property name="java.vm.specification.name" value="Java Virtual Machine Specification"/>
    <property name="java.awt.printerjob" value="sun.awt.windows.WPrinterJob"/>
    <property name="sun.os.patch.level" value=""/>
    <property name="java.library.path" value="C:\Program Files\Java\jdk1.8.0_241\jre\bin;C:\WINDOWS\Sun\Java\bin;C:\WINDOWS\system32;C:\WINDOWS;C:\Program Files\Common Files\Oracle\Java\javapath;C:\Windows\system32;C:\Windows;C:\Windows\System32\Wbem;C:\Windows\System32\WindowsPowerShell\v1.0\;C:\Windows\System32\OpenSSH\;C:\Program Files (x86)\NVIDIA Corporation\PhysX\Common;D:\apache-maven-3.6.1\bin;C:\Program Files\Git\cmd;C:\Program Files\PuTTY\;C:\Users\Sayantan\AppData\Local\Android\Sdk\tools;C:\Program Files\Amazon\AWSCLIV2\;C:\Users\Sayantan\AppData\Local\Android\Sdk\platform-tools;C:\Program Files\nodejs\;C:\WINDOWS\system32;C:\WINDOWS;C:\Program Files\Java\jdk-16\bin;C:\WINDOWS\System32\Wbem;C:\WINDOWS\System32\WindowsPowerShell\v1.0\;C:\WINDOWS\System32\OpenSSH\;C:\Program Files\TortoiseGit\bin;C:\Program Files\Amazon\AWSSAMCLI\bin\;C:\Users\Sayantan\AppData\Local\Microsoft\WindowsApps;C:\Users\Sayantan\AppData\Roaming\npm;C:\Users\Sayantan\AppData\Local\Programs\Microsoft VS Code\bin;;."/>
    <property name="java.vm.info" value="mixed mode"/>
    <property name="java.vendor" value="Oracle Corporation"/>
    <property name="java.vm.version" value="25.241-b07"/>
    <property name="java.ext.dirs" value="C:\Program Files\Java\jdk1.8.0_241\jre\lib\ext;C:\WINDOWS\Sun\Java\lib\ext"/>
    <property name="sun.io.unicode.encoding" value="UnicodeLittle"/>
    <property name="java.class.version" value="52.0"/>
  </properties>
  <testcase name="contextLoads" classname="com.currency.configserver.ConfigServerApplicationTests" time="0.002">
    <error message="Failed to load ApplicationContext" type="java.lang.IllegalStateException">java.lang.IllegalStateException: Failed to load ApplicationContext
Caused by: com.ulisesbocchio.jasyptspringboot.exception.DecryptionException: Unable to decrypt: ENC(9QuAUitfw2/O7494T2oJMAREHh90NOVF). Decryption of Properties failed,  make sure encryption/decryption passwords match
Caused by: org.jasypt.exceptions.EncryptionOperationNotPossibleException
</error>
    <system-out><![CDATA[10:59:46.762 [main] DEBUG org.springframework.test.context.BootstrapUtils - Instantiating CacheAwareContextLoaderDelegate from class [org.springframework.test.context.cache.DefaultCacheAwareContextLoaderDelegate]
10:59:46.782 [main] DEBUG org.springframework.test.context.BootstrapUtils - Instantiating BootstrapContext using constructor [public org.springframework.test.context.support.DefaultBootstrapContext(java.lang.Class,org.springframework.test.context.CacheAwareContextLoaderDelegate)]
10:59:46.835 [main] DEBUG org.springframework.test.context.BootstrapUtils - Instantiating TestContextBootstrapper for test class [com.currency.configserver.ConfigServerApplicationTests] from class [org.springframework.boot.test.context.SpringBootTestContextBootstrapper]
10:59:46.852 [main] INFO org.springframework.boot.test.context.SpringBootTestContextBootstrapper - Neither @ContextConfiguration nor @ContextHierarchy found for test class [com.currency.configserver.ConfigServerApplicationTests], using SpringBootContextLoader
10:59:46.858 [main] DEBUG org.springframework.test.context.support.AbstractContextLoader - Did not detect default resource location for test class [com.currency.configserver.ConfigServerApplicationTests]: class path resource [com/currency/configserver/ConfigServerApplicationTests-context.xml] does not exist
10:59:46.859 [main] DEBUG org.springframework.test.context.support.AbstractContextLoader - Did not detect default resource location for test class [com.currency.configserver.ConfigServerApplicationTests]: class path resource [com/currency/configserver/ConfigServerApplicationTestsContext.groovy] does not exist
10:59:46.859 [main] INFO org.springframework.test.context.support.AbstractContextLoader - Could not detect default resource locations for test class [com.currency.configserver.ConfigServerApplicationTests]: no resource found for suffixes {-context.xml, Context.groovy}.
10:59:46.861 [main] INFO org.springframework.test.context.support.AnnotationConfigContextLoaderUtils - Could not detect default configuration classes for test class [com.currency.configserver.ConfigServerApplicationTests]: ConfigServerApplicationTests does not declare any static, non-private, non-final, nested classes annotated with @Configuration.
10:59:46.944 [main] DEBUG org.springframework.test.context.support.ActiveProfilesUtils - Could not find an 'annotation declaring class' for annotation type [org.springframework.test.context.ActiveProfiles] and class [com.currency.configserver.ConfigServerApplicationTests]
10:59:47.066 [main] DEBUG org.springframework.context.annotation.ClassPathScanningCandidateComponentProvider - Identified candidate component class: file [C:\Users\Sayantan\Desktop\Docker Currency\Currency\config-server\target\classes\com\currency\configserver\ConfigServerApplication.class]
10:59:47.069 [main] INFO org.springframework.boot.test.context.SpringBootTestContextBootstrapper - Found @SpringBootConfiguration com.currency.configserver.ConfigServerApplication for test class com.currency.configserver.ConfigServerApplicationTests
10:59:47.233 [main] DEBUG org.springframework.boot.test.context.SpringBootTestContextBootstrapper - @TestExecutionListeners is not present for class [com.currency.configserver.ConfigServerApplicationTests]: using defaults.
10:59:47.234 [main] INFO org.springframework.boot.test.context.SpringBootTestContextBootstrapper - Loaded default TestExecutionListener class names from location [META-INF/spring.factories]: [org.springframework.boot.test.mock.mockito.MockitoTestExecutionListener, org.springframework.boot.test.mock.mockito.ResetMocksTestExecutionListener, org.springframework.boot.test.autoconfigure.restdocs.RestDocsTestExecutionListener, org.springframework.boot.test.autoconfigure.web.client.MockRestServiceServerResetTestExecutionListener, org.springframework.boot.test.autoconfigure.web.servlet.MockMvcPrintOnlyOnFailureTestExecutionListener, org.springframework.boot.test.autoconfigure.web.servlet.WebDriverTestExecutionListener, org.springframework.boot.test.autoconfigure.webservices.client.MockWebServiceServerTestExecutionListener, org.springframework.test.context.web.ServletTestExecutionListener, org.springframework.test.context.support.DirtiesContextBeforeModesTestExecutionListener, org.springframework.test.context.event.ApplicationEventsTestExecutionListener, org.springframework.test.context.support.DependencyInjectionTestExecutionListener, org.springframework.test.context.support.DirtiesContextTestExecutionListener, org.springframework.test.context.transaction.TransactionalTestExecutionListener, org.springframework.test.context.jdbc.SqlScriptsTestExecutionListener, org.springframework.test.context.event.EventPublishingTestExecutionListener]
10:59:47.254 [main] DEBUG org.springframework.boot.test.context.SpringBootTestContextBootstrapper - Skipping candidate TestExecutionListener [org.springframework.test.context.transaction.TransactionalTestExecutionListener] due to a missing dependency. Specify custom listener classes or make the default listener classes and their required dependencies available. Offending class: [org/springframework/transaction/interceptor/TransactionAttributeSource]
10:59:47.255 [main] DEBUG org.springframework.boot.test.context.SpringBootTestContextBootstrapper - Skipping candidate TestExecutionListener [org.springframework.test.context.jdbc.SqlScriptsTestExecutionListener] due to a missing dependency. Specify custom listener classes or make the default listener classes and their required dependencies available. Offending class: [org/springframework/transaction/interceptor/TransactionAttribute]
10:59:47.256 [main] INFO org.springframework.boot.test.context.SpringBootTestContextBootstrapper - Using TestExecutionListeners: [org.springframework.test.context.web.ServletTestExecutionListener@795509d9, org.springframework.test.context.support.DirtiesContextBeforeModesTestExecutionListener@53045c6c, org.springframework.test.context.event.ApplicationEventsTestExecutionListener@5149d738, org.springframework.boot.test.mock.mockito.MockitoTestExecutionListener@6bbe85a8, org.springframework.boot.test.autoconfigure.SpringBootDependencyInjectionTestExecutionListener@3a7442c7, org.springframework.test.context.support.DirtiesContextTestExecutionListener@4be29ed9, org.springframework.test.context.event.EventPublishingTestExecutionListener@548d708a, org.springframework.boot.test.mock.mockito.ResetMocksTestExecutionListener@4b013c76, org.springframework.boot.test.autoconfigure.restdocs.RestDocsTestExecutionListener@53fb3dab, org.springframework.boot.test.autoconfigure.web.client.MockRestServiceServerResetTestExecutionListener@cb0755b, org.springframework.boot.test.autoconfigure.web.servlet.MockMvcPrintOnlyOnFailureTestExecutionListener@33065d67, org.springframework.boot.test.autoconfigure.web.servlet.WebDriverTestExecutionListener@712625fd, org.springframework.boot.test.autoconfigure.webservices.client.MockWebServiceServerTestExecutionListener@7bba5817]
10:59:47.264 [main] DEBUG org.springframework.test.context.support.AbstractDirtiesContextTestExecutionListener - Before test class: context [DefaultTestContext@3ba987b8 testClass = ConfigServerApplicationTests, testInstance = [null], testMethod = [null], testException = [null], mergedContextConfiguration = [WebMergedContextConfiguration@3f191845 testClass = ConfigServerApplicationTests, locations = '{}', classes = '{class com.currency.configserver.ConfigServerApplication}', contextInitializerClasses = '[]', activeProfiles = '{}', propertySourceLocations = '{}', propertySourceProperties = '{org.springframework.boot.test.context.SpringBootTestContextBootstrapper=true}', contextCustomizers = set[org.springframework.boot.test.context.filter.ExcludeFilterContextCustomizer@40ef3420, org.springframework.boot.test.json.DuplicateJsonObjectContextCustomizerFactory$DuplicateJsonObjectContextCustomizer@402bba4f, org.springframework.boot.test.mock.mockito.MockitoContextCustomizer@0, org.springframework.boot.test.web.client.TestRestTemplateContextCustomizer@7c729a55, org.springframework.boot.test.autoconfigure.actuate.metrics.MetricsExportContextCustomizerFactory$DisableMetricExportContextCustomizer@2e005c4b, org.springframework.boot.test.autoconfigure.properties.PropertyMappingContextCustomizer@0, org.springframework.boot.test.autoconfigure.web.servlet.WebDriverContextCustomizerFactory$Customizer@6d763516, org.springframework.boot.test.context.SpringBootTestArgs@1, org.springframework.boot.test.context.SpringBootTestWebEnvironment@c038203], resourceBasePath = 'src/main/webapp', contextLoader = 'org.springframework.boot.test.context.SpringBootContextLoader', parent = [null]], attributes = map['org.springframework.test.context.web.ServletTestExecutionListener.activateListener' -> true]], class annotated with @DirtiesContext [false] with mode [null].
10:59:47.350 [main] DEBUG org.springframework.test.context.support.TestPropertySourceUtils - Adding inlined properties to environment: {spring.jmx.enabled=false, org.springframework.boot.test.context.SpringBootTestContextBootstrapper=true}
2021-06-29 10:59:49.426  INFO 18072 --- [           main] ptablePropertiesBeanFactoryPostProcessor : Post-processing PropertySource instances
2021-06-29 10:59:49.486  INFO 18072 --- [           main] c.u.j.EncryptablePropertySourceConverter : Converting PropertySource configurationProperties [org.springframework.boot.context.properties.source.ConfigurationPropertySourcesPropertySource] to AOP Proxy
2021-06-29 10:59:49.489  INFO 18072 --- [           main] c.u.j.EncryptablePropertySourceConverter : Converting PropertySource bootstrap [org.springframework.core.env.MapPropertySource] to EncryptableMapPropertySourceWrapper
2021-06-29 10:59:49.490  INFO 18072 --- [           main] c.u.j.EncryptablePropertySourceConverter : Converting PropertySource Inlined Test Properties [org.springframework.core.env.MapPropertySource] to EncryptableMapPropertySourceWrapper
2021-06-29 10:59:49.490  INFO 18072 --- [           main] c.u.j.EncryptablePropertySourceConverter : Converting PropertySource systemProperties [org.springframework.core.env.PropertiesPropertySource] to EncryptableMapPropertySourceWrapper
2021-06-29 10:59:49.490  INFO 18072 --- [           main] c.u.j.EncryptablePropertySourceConverter : Converting PropertySource systemEnvironment [org.springframework.boot.env.SystemEnvironmentPropertySourceEnvironmentPostProcessor$OriginAwareSystemEnvironmentPropertySource] to EncryptableSystemEnvironmentPropertySourceWrapper
2021-06-29 10:59:49.491  INFO 18072 --- [           main] c.u.j.EncryptablePropertySourceConverter : Converting PropertySource random [org.springframework.boot.env.RandomValuePropertySource] to EncryptablePropertySourceWrapper
2021-06-29 10:59:49.491  INFO 18072 --- [           main] c.u.j.EncryptablePropertySourceConverter : Converting PropertySource configServerClient [org.springframework.core.env.MapPropertySource] to EncryptableMapPropertySourceWrapper
2021-06-29 10:59:49.491  INFO 18072 --- [           main] c.u.j.EncryptablePropertySourceConverter : Converting PropertySource cachedrandom [org.springframework.cloud.util.random.CachedRandomPropertySource] to EncryptablePropertySourceWrapper
2021-06-29 10:59:49.492  INFO 18072 --- [           main] c.u.j.EncryptablePropertySourceConverter : Converting PropertySource springCloudClientHostInfo [org.springframework.core.env.MapPropertySource] to EncryptableMapPropertySourceWrapper
2021-06-29 10:59:49.493  INFO 18072 --- [           main] c.u.j.EncryptablePropertySourceConverter : Converting PropertySource Config resource 'class path resource [bootstrap.properties]' via location 'optional:classpath:/' [org.springframework.boot.env.OriginTrackedMapPropertySource] to EncryptableMapPropertySourceWrapper
2021-06-29 10:59:49.604  INFO 18072 --- [           main] c.u.j.filter.DefaultLazyPropertyFilter   : Property Filter custom Bean not found with name 'encryptablePropertyFilter'. Initializing Default Property Filter
2021-06-29 10:59:49.662  INFO 18072 --- [           main] c.u.j.r.DefaultLazyPropertyResolver      : Property Resolver custom Bean not found with name 'encryptablePropertyResolver'. Initializing Default Property Resolver
2021-06-29 10:59:49.667  INFO 18072 --- [           main] c.u.j.d.DefaultLazyPropertyDetector      : Property Detector custom Bean not found with name 'encryptablePropertyDetector'. Initializing Default Property Detector

  .   ____          _            __ _ _
 /\\ / ___'_ __ _ _(_)_ __  __ _ \ \ \ \
( ( )\___ | '_ | '_| | '_ \/ _` | \ \ \ \
 \\/  ___)| |_)| | | | | || (_| |  ) ) ) )
  '  |____| .__|_| |_|_| |_\__, | / / / /
 =========|_|==============|___/=/_/_/_/
 :: Spring Boot ::                (v2.5.1)

2021-06-29 10:59:50.608  INFO 18072 --- [           main] c.u.j.encryptor.DefaultLazyEncryptor     : String Encryptor custom Bean not found with name 'jasyptStringEncryptor'. Initializing Default String Encryptor
2021-06-29 10:59:50.634  INFO 18072 --- [           main] c.u.j.c.StringEncryptorBuilder           : Encryptor config not found for property jasypt.encryptor.algorithm, using default value: PBEWITHHMACSHA512ANDAES_256
2021-06-29 10:59:50.635  INFO 18072 --- [           main] c.u.j.c.StringEncryptorBuilder           : Encryptor config not found for property jasypt.encryptor.key-obtention-iterations, using default value: 1000
2021-06-29 10:59:50.636  INFO 18072 --- [           main] c.u.j.c.StringEncryptorBuilder           : Encryptor config not found for property jasypt.encryptor.pool-size, using default value: 1
2021-06-29 10:59:50.636  INFO 18072 --- [           main] c.u.j.c.StringEncryptorBuilder           : Encryptor config not found for property jasypt.encryptor.provider-name, using default value: null
2021-06-29 10:59:50.637  INFO 18072 --- [           main] c.u.j.c.StringEncryptorBuilder           : Encryptor config not found for property jasypt.encryptor.provider-class-name, using default value: null
2021-06-29 10:59:50.638  INFO 18072 --- [           main] c.u.j.c.StringEncryptorBuilder           : Encryptor config not found for property jasypt.encryptor.salt-generator-classname, using default value: org.jasypt.salt.RandomSaltGenerator
2021-06-29 10:59:50.653  INFO 18072 --- [           main] c.u.j.c.StringEncryptorBuilder           : Encryptor config not found for property jasypt.encryptor.iv-generator-classname, using default value: org.jasypt.iv.RandomIvGenerator
2021-06-29 10:59:50.655  INFO 18072 --- [           main] c.u.j.c.StringEncryptorBuilder           : Encryptor config not found for property jasypt.encryptor.string-output-type, using default value: base64
2021-06-29 10:59:51.461 ERROR 18072 --- [           main] o.s.boot.SpringApplication               : Application run failed

com.ulisesbocchio.jasyptspringboot.exception.DecryptionException: Unable to decrypt: ENC(9QuAUitfw2/O7494T2oJMAREHh90NOVF). Decryption of Properties failed,  make sure encryption/decryption passwords match
	at com.ulisesbocchio.jasyptspringboot.resolver.DefaultPropertyResolver.lambda$resolvePropertyValue$0(DefaultPropertyResolver.java:46) ~[jasypt-spring-boot-3.0.3.jar:na]
	at java.util.Optional.map(Optional.java:215) ~[na:1.8.0_241]
	at com.ulisesbocchio.jasyptspringboot.resolver.DefaultPropertyResolver.resolvePropertyValue(DefaultPropertyResolver.java:40) ~[jasypt-spring-boot-3.0.3.jar:na]
	at com.ulisesbocchio.jasyptspringboot.resolver.DefaultLazyPropertyResolver.resolvePropertyValue(DefaultLazyPropertyResolver.java:50) ~[jasypt-spring-boot-3.0.3.jar:na]
	at com.ulisesbocchio.jasyptspringboot.EncryptablePropertySource.getProperty(EncryptablePropertySource.java:20) ~[jasypt-spring-boot-3.0.3.jar:na]
	at com.ulisesbocchio.jasyptspringboot.caching.CachingDelegateEncryptablePropertySource.getProperty(CachingDelegateEncryptablePropertySource.java:41) ~[jasypt-spring-boot-3.0.3.jar:na]
	at com.ulisesbocchio.jasyptspringboot.wrapper.EncryptableMapPropertySourceWrapper.getProperty(EncryptableMapPropertySourceWrapper.java:31) ~[jasypt-spring-boot-3.0.3.jar:na]
	at org.springframework.cloud.bootstrap.encrypt.AbstractEnvironmentDecrypt.merge(AbstractEnvironmentDecrypt.java:103) ~[spring-cloud-context-3.0.3.jar:3.0.3]
	at org.springframework.cloud.bootstrap.encrypt.AbstractEnvironmentDecrypt.merge(AbstractEnvironmentDecrypt.java:81) ~[spring-cloud-context-3.0.3.jar:3.0.3]
	at org.springframework.cloud.bootstrap.encrypt.AbstractEnvironmentDecrypt.decrypt(AbstractEnvironmentDecrypt.java:69) ~[spring-cloud-context-3.0.3.jar:3.0.3]
	at org.springframework.cloud.bootstrap.encrypt.EnvironmentDecryptApplicationInitializer.initialize(EnvironmentDecryptApplicationInitializer.java:95) ~[spring-cloud-context-3.0.3.jar:3.0.3]
	at org.springframework.cloud.bootstrap.BootstrapApplicationListener$DelegatingEnvironmentDecryptApplicationInitializer.initialize(BootstrapApplicationListener.java:411) ~[spring-cloud-context-3.0.3.jar:3.0.3]
	at org.springframework.boot.SpringApplication.applyInitializers(SpringApplication.java:634) ~[spring-boot-2.5.1.jar:2.5.1]
	at org.springframework.boot.SpringApplication.prepareContext(SpringApplication.java:403) ~[spring-boot-2.5.1.jar:2.5.1]
	at org.springframework.boot.SpringApplication.run(SpringApplication.java:337) ~[spring-boot-2.5.1.jar:2.5.1]
	at org.springframework.boot.test.context.SpringBootContextLoader.loadContext(SpringBootContextLoader.java:123) [spring-boot-test-2.5.1.jar:2.5.1]
	at org.springframework.test.context.cache.DefaultCacheAwareContextLoaderDelegate.loadContextInternal(DefaultCacheAwareContextLoaderDelegate.java:99) [spring-test-5.3.8.jar:5.3.8]
	at org.springframework.test.context.cache.DefaultCacheAwareContextLoaderDelegate.loadContext(DefaultCacheAwareContextLoaderDelegate.java:124) [spring-test-5.3.8.jar:5.3.8]
	at org.springframework.test.context.support.DefaultTestContext.getApplicationContext(DefaultTestContext.java:124) [spring-test-5.3.8.jar:5.3.8]
	at org.springframework.test.context.web.ServletTestExecutionListener.setUpRequestContextIfNecessary(ServletTestExecutionListener.java:190) [spring-test-5.3.8.jar:5.3.8]
	at org.springframework.test.context.web.ServletTestExecutionListener.prepareTestInstance(ServletTestExecutionListener.java:132) [spring-test-5.3.8.jar:5.3.8]
	at org.springframework.test.context.TestContextManager.prepareTestInstance(TestContextManager.java:244) [spring-test-5.3.8.jar:5.3.8]
	at org.springframework.test.context.junit.jupiter.SpringExtension.postProcessTestInstance(SpringExtension.java:138) [spring-test-5.3.8.jar:5.3.8]
	at org.junit.jupiter.engine.descriptor.ClassBasedTestDescriptor.lambda$invokeTestInstancePostProcessors$6(ClassBasedTestDescriptor.java:350) [junit-jupiter-engine-5.7.2.jar:5.7.2]
	at org.junit.jupiter.engine.descriptor.ClassBasedTestDescriptor.executeAndMaskThrowable(ClassBasedTestDescriptor.java:355) [junit-jupiter-engine-5.7.2.jar:5.7.2]
	at org.junit.jupiter.engine.descriptor.ClassBasedTestDescriptor.lambda$invokeTestInstancePostProcessors$7(ClassBasedTestDescriptor.java:350) [junit-jupiter-engine-5.7.2.jar:5.7.2]
	at java.util.stream.ReferencePipeline$3$1.accept(ReferencePipeline.java:193) ~[na:1.8.0_241]
	at java.util.stream.ReferencePipeline$2$1.accept(ReferencePipeline.java:175) ~[na:1.8.0_241]
	at java.util.ArrayList$ArrayListSpliterator.forEachRemaining(ArrayList.java:1382) ~[na:1.8.0_241]
	at java.util.stream.AbstractPipeline.copyInto(AbstractPipeline.java:482) ~[na:1.8.0_241]
	at java.util.stream.AbstractPipeline.wrapAndCopyInto(AbstractPipeline.java:472) ~[na:1.8.0_241]
	at java.util.stream.StreamSpliterators$WrappingSpliterator.forEachRemaining(StreamSpliterators.java:312) ~[na:1.8.0_241]
	at java.util.stream.Streams$ConcatSpliterator.forEachRemaining(Streams.java:743) ~[na:1.8.0_241]
	at java.util.stream.Streams$ConcatSpliterator.forEachRemaining(Streams.java:742) ~[na:1.8.0_241]
	at java.util.stream.ReferencePipeline$Head.forEach(ReferencePipeline.java:580) ~[na:1.8.0_241]
	at org.junit.jupiter.engine.descriptor.ClassBasedTestDescriptor.invokeTestInstancePostProcessors(ClassBasedTestDescriptor.java:349) [junit-jupiter-engine-5.7.2.jar:5.7.2]
	at org.junit.jupiter.engine.descriptor.ClassBasedTestDescriptor.lambda$instantiateAndPostProcessTestInstance$4(ClassBasedTestDescriptor.java:270) [junit-jupiter-engine-5.7.2.jar:5.7.2]
	at org.junit.platform.engine.support.hierarchical.ThrowableCollector.execute(ThrowableCollector.java:73) ~[junit-platform-engine-1.7.2.jar:1.7.2]
	at org.junit.jupiter.engine.descriptor.ClassBasedTestDescriptor.instantiateAndPostProcessTestInstance(ClassBasedTestDescriptor.java:269) [junit-jupiter-engine-5.7.2.jar:5.7.2]
	at org.junit.jupiter.engine.descriptor.ClassBasedTestDescriptor.lambda$testInstancesProvider$2(ClassBasedTestDescriptor.java:259) [junit-jupiter-engine-5.7.2.jar:5.7.2]
	at java.util.Optional.orElseGet(Optional.java:267) ~[na:1.8.0_241]
	at org.junit.jupiter.engine.descriptor.ClassBasedTestDescriptor.lambda$testInstancesProvider$3(ClassBasedTestDescriptor.java:258) [junit-jupiter-engine-5.7.2.jar:5.7.2]
	at org.junit.jupiter.engine.execution.TestInstancesProvider.getTestInstances(TestInstancesProvider.java:31) ~[junit-jupiter-engine-5.7.2.jar:5.7.2]
	at org.junit.jupiter.engine.descriptor.TestMethodTestDescriptor.lambda$prepare$0(TestMethodTestDescriptor.java:101) ~[junit-jupiter-engine-5.7.2.jar:5.7.2]
	at org.junit.platform.engine.support.hierarchical.ThrowableCollector.execute(ThrowableCollector.java:73) ~[junit-platform-engine-1.7.2.jar:1.7.2]
	at org.junit.jupiter.engine.descriptor.TestMethodTestDescriptor.prepare(TestMethodTestDescriptor.java:100) ~[junit-jupiter-engine-5.7.2.jar:5.7.2]
	at org.junit.jupiter.engine.descriptor.TestMethodTestDescriptor.prepare(TestMethodTestDescriptor.java:65) ~[junit-jupiter-engine-5.7.2.jar:5.7.2]
	at org.junit.platform.engine.support.hierarchical.NodeTestTask.lambda$prepare$1(NodeTestTask.java:111) ~[junit-platform-engine-1.7.2.jar:1.7.2]
	at org.junit.platform.engine.support.hierarchical.ThrowableCollector.execute(ThrowableCollector.java:73) ~[junit-platform-engine-1.7.2.jar:1.7.2]
	at org.junit.platform.engine.support.hierarchical.NodeTestTask.prepare(NodeTestTask.java:111) ~[junit-platform-engine-1.7.2.jar:1.7.2]
	at org.junit.platform.engine.support.hierarchical.NodeTestTask.execute(NodeTestTask.java:79) ~[junit-platform-engine-1.7.2.jar:1.7.2]
	at java.util.ArrayList.forEach(ArrayList.java:1257) ~[na:1.8.0_241]
	at org.junit.platform.engine.support.hierarchical.SameThreadHierarchicalTestExecutorService.invokeAll(SameThreadHierarchicalTestExecutorService.java:38) ~[junit-platform-engine-1.7.2.jar:1.7.2]
	at org.junit.platform.engine.support.hierarchical.NodeTestTask.lambda$executeRecursively$5(NodeTestTask.java:143) ~[junit-platform-engine-1.7.2.jar:1.7.2]
	at org.junit.platform.engine.support.hierarchical.ThrowableCollector.execute(ThrowableCollector.java:73) ~[junit-platform-engine-1.7.2.jar:1.7.2]
	at org.junit.platform.engine.support.hierarchical.NodeTestTask.lambda$executeRecursively$7(NodeTestTask.java:129) ~[junit-platform-engine-1.7.2.jar:1.7.2]
	at org.junit.platform.engine.support.hierarchical.Node.around(Node.java:137) ~[junit-platform-engine-1.7.2.jar:1.7.2]
	at org.junit.platform.engine.support.hierarchical.NodeTestTask.lambda$executeRecursively$8(NodeTestTask.java:127) ~[junit-platform-engine-1.7.2.jar:1.7.2]
	at org.junit.platform.engine.support.hierarchical.ThrowableCollector.execute(ThrowableCollector.java:73) ~[junit-platform-engine-1.7.2.jar:1.7.2]
	at org.junit.platform.engine.support.hierarchical.NodeTestTask.executeRecursively(NodeTestTask.java:126) ~[junit-platform-engine-1.7.2.jar:1.7.2]
	at org.junit.platform.engine.support.hierarchical.NodeTestTask.execute(NodeTestTask.java:84) ~[junit-platform-engine-1.7.2.jar:1.7.2]
	at java.util.ArrayList.forEach(ArrayList.java:1257) ~[na:1.8.0_241]
	at org.junit.platform.engine.support.hierarchical.SameThreadHierarchicalTestExecutorService.invokeAll(SameThreadHierarchicalTestExecutorService.java:38) ~[junit-platform-engine-1.7.2.jar:1.7.2]
	at org.junit.platform.engine.support.hierarchical.NodeTestTask.lambda$executeRecursively$5(NodeTestTask.java:143) ~[junit-platform-engine-1.7.2.jar:1.7.2]
	at org.junit.platform.engine.support.hierarchical.ThrowableCollector.execute(ThrowableCollector.java:73) ~[junit-platform-engine-1.7.2.jar:1.7.2]
	at org.junit.platform.engine.support.hierarchical.NodeTestTask.lambda$executeRecursively$7(NodeTestTask.java:129) ~[junit-platform-engine-1.7.2.jar:1.7.2]
	at org.junit.platform.engine.support.hierarchical.Node.around(Node.java:137) ~[junit-platform-engine-1.7.2.jar:1.7.2]
	at org.junit.platform.engine.support.hierarchical.NodeTestTask.lambda$executeRecursively$8(NodeTestTask.java:127) ~[junit-platform-engine-1.7.2.jar:1.7.2]
	at org.junit.platform.engine.support.hierarchical.ThrowableCollector.execute(ThrowableCollector.java:73) ~[junit-platform-engine-1.7.2.jar:1.7.2]
	at org.junit.platform.engine.support.hierarchical.NodeTestTask.executeRecursively(NodeTestTask.java:126) ~[junit-platform-engine-1.7.2.jar:1.7.2]
	at org.junit.platform.engine.support.hierarchical.NodeTestTask.execute(NodeTestTask.java:84) ~[junit-platform-engine-1.7.2.jar:1.7.2]
	at org.junit.platform.engine.support.hierarchical.SameThreadHierarchicalTestExecutorService.submit(SameThreadHierarchicalTestExecutorService.java:32) ~[junit-platform-engine-1.7.2.jar:1.7.2]
	at org.junit.platform.engine.support.hierarchical.HierarchicalTestExecutor.execute(HierarchicalTestExecutor.java:57) ~[junit-platform-engine-1.7.2.jar:1.7.2]
	at org.junit.platform.engine.support.hierarchical.HierarchicalTestEngine.execute(HierarchicalTestEngine.java:51) ~[junit-platform-engine-1.7.2.jar:1.7.2]
	at org.junit.platform.launcher.core.DefaultLauncher.execute(DefaultLauncher.java:220) ~[junit-platform-launcher-1.3.1.jar:1.3.1]
	at org.junit.platform.launcher.core.DefaultLauncher.lambda$execute$6(DefaultLauncher.java:188) ~[junit-platform-launcher-1.3.1.jar:1.3.1]
	at org.junit.platform.launcher.core.DefaultLauncher.withInterceptedStreams(DefaultLauncher.java:202) ~[junit-platform-launcher-1.3.1.jar:1.3.1]
	at org.junit.platform.launcher.core.DefaultLauncher.execute(DefaultLauncher.java:181) ~[junit-platform-launcher-1.3.1.jar:1.3.1]
	at org.junit.platform.launcher.core.DefaultLauncher.execute(DefaultLauncher.java:128) ~[junit-platform-launcher-1.3.1.jar:1.3.1]
	at org.apache.maven.surefire.junitplatform.JUnitPlatformProvider.invokeAllTests(JUnitPlatformProvider.java:150) ~[surefire-junit-platform-2.22.2.jar:2.22.2]
	at org.apache.maven.surefire.junitplatform.JUnitPlatformProvider.invoke(JUnitPlatformProvider.java:124) ~[surefire-junit-platform-2.22.2.jar:2.22.2]
	at org.apache.maven.surefire.booter.ForkedBooter.invokeProviderInSameClassLoader(ForkedBooter.java:384) ~[surefire-booter-2.22.2.jar:2.22.2]
	at org.apache.maven.surefire.booter.ForkedBooter.runSuitesInProcess(ForkedBooter.java:345) ~[surefire-booter-2.22.2.jar:2.22.2]
	at org.apache.maven.surefire.booter.ForkedBooter.execute(ForkedBooter.java:126) ~[surefire-booter-2.22.2.jar:2.22.2]
	at org.apache.maven.surefire.booter.ForkedBooter.main(ForkedBooter.java:418) ~[surefire-booter-2.22.2.jar:2.22.2]
Caused by: org.jasypt.exceptions.EncryptionOperationNotPossibleException: null
	at org.jasypt.encryption.pbe.StandardPBEByteEncryptor.decrypt(StandardPBEByteEncryptor.java:1054) ~[jasypt-1.9.3.jar:na]
	at org.jasypt.encryption.pbe.StandardPBEStringEncryptor.decrypt(StandardPBEStringEncryptor.java:738) ~[jasypt-1.9.3.jar:na]
	at org.jasypt.encryption.pbe.PooledPBEStringEncryptor.decrypt(PooledPBEStringEncryptor.java:511) ~[jasypt-1.9.3.jar:na]
	at com.ulisesbocchio.jasyptspringboot.encryptor.DefaultLazyEncryptor.decrypt(DefaultLazyEncryptor.java:57) ~[jasypt-spring-boot-3.0.3.jar:na]
	at com.ulisesbocchio.jasyptspringboot.resolver.DefaultPropertyResolver.lambda$resolvePropertyValue$0(DefaultPropertyResolver.java:44) ~[jasypt-spring-boot-3.0.3.jar:na]
	... 84 common frames omitted

2021-06-29 10:59:51.466 ERROR 18072 --- [           main] o.s.test.context.TestContextManager      : Caught exception while allowing TestExecutionListener [org.springframework.test.context.web.ServletTestExecutionListener@795509d9] to prepare test instance [com.currency.configserver.ConfigServerApplicationTests@41e1455d]

java.lang.IllegalStateException: Failed to load ApplicationContext
	at org.springframework.test.context.cache.DefaultCacheAwareContextLoaderDelegate.loadContext(DefaultCacheAwareContextLoaderDelegate.java:132) ~[spring-test-5.3.8.jar:5.3.8]
	at org.springframework.test.context.support.DefaultTestContext.getApplicationContext(DefaultTestContext.java:124) ~[spring-test-5.3.8.jar:5.3.8]
	at org.springframework.test.context.web.ServletTestExecutionListener.setUpRequestContextIfNecessary(ServletTestExecutionListener.java:190) ~[spring-test-5.3.8.jar:5.3.8]
	at org.springframework.test.context.web.ServletTestExecutionListener.prepareTestInstance(ServletTestExecutionListener.java:132) ~[spring-test-5.3.8.jar:5.3.8]
	at org.springframework.test.context.TestContextManager.prepareTestInstance(TestContextManager.java:244) ~[spring-test-5.3.8.jar:5.3.8]
	at org.springframework.test.context.junit.jupiter.SpringExtension.postProcessTestInstance(SpringExtension.java:138) [spring-test-5.3.8.jar:5.3.8]
	at org.junit.jupiter.engine.descriptor.ClassBasedTestDescriptor.lambda$invokeTestInstancePostProcessors$6(ClassBasedTestDescriptor.java:350) [junit-jupiter-engine-5.7.2.jar:5.7.2]
	at org.junit.jupiter.engine.descriptor.ClassBasedTestDescriptor.executeAndMaskThrowable(ClassBasedTestDescriptor.java:355) [junit-jupiter-engine-5.7.2.jar:5.7.2]
	at org.junit.jupiter.engine.descriptor.ClassBasedTestDescriptor.lambda$invokeTestInstancePostProcessors$7(ClassBasedTestDescriptor.java:350) [junit-jupiter-engine-5.7.2.jar:5.7.2]
	at java.util.stream.ReferencePipeline$3$1.accept(ReferencePipeline.java:193) ~[na:1.8.0_241]
	at java.util.stream.ReferencePipeline$2$1.accept(ReferencePipeline.java:175) ~[na:1.8.0_241]
	at java.util.ArrayList$ArrayListSpliterator.forEachRemaining(ArrayList.java:1382) ~[na:1.8.0_241]
	at java.util.stream.AbstractPipeline.copyInto(AbstractPipeline.java:482) ~[na:1.8.0_241]
	at java.util.stream.AbstractPipeline.wrapAndCopyInto(AbstractPipeline.java:472) ~[na:1.8.0_241]
	at java.util.stream.StreamSpliterators$WrappingSpliterator.forEachRemaining(StreamSpliterators.java:312) ~[na:1.8.0_241]
	at java.util.stream.Streams$ConcatSpliterator.forEachRemaining(Streams.java:743) ~[na:1.8.0_241]
	at java.util.stream.Streams$ConcatSpliterator.forEachRemaining(Streams.java:742) ~[na:1.8.0_241]
	at java.util.stream.ReferencePipeline$Head.forEach(ReferencePipeline.java:580) ~[na:1.8.0_241]
	at org.junit.jupiter.engine.descriptor.ClassBasedTestDescriptor.invokeTestInstancePostProcessors(ClassBasedTestDescriptor.java:349) [junit-jupiter-engine-5.7.2.jar:5.7.2]
	at org.junit.jupiter.engine.descriptor.ClassBasedTestDescriptor.lambda$instantiateAndPostProcessTestInstance$4(ClassBasedTestDescriptor.java:270) [junit-jupiter-engine-5.7.2.jar:5.7.2]
	at org.junit.platform.engine.support.hierarchical.ThrowableCollector.execute(ThrowableCollector.java:73) ~[junit-platform-engine-1.7.2.jar:1.7.2]
	at org.junit.jupiter.engine.descriptor.ClassBasedTestDescriptor.instantiateAndPostProcessTestInstance(ClassBasedTestDescriptor.java:269) [junit-jupiter-engine-5.7.2.jar:5.7.2]
	at org.junit.jupiter.engine.descriptor.ClassBasedTestDescriptor.lambda$testInstancesProvider$2(ClassBasedTestDescriptor.java:259) [junit-jupiter-engine-5.7.2.jar:5.7.2]
	at java.util.Optional.orElseGet(Optional.java:267) ~[na:1.8.0_241]
	at org.junit.jupiter.engine.descriptor.ClassBasedTestDescriptor.lambda$testInstancesProvider$3(ClassBasedTestDescriptor.java:258) [junit-jupiter-engine-5.7.2.jar:5.7.2]
	at org.junit.jupiter.engine.execution.TestInstancesProvider.getTestInstances(TestInstancesProvider.java:31) ~[junit-jupiter-engine-5.7.2.jar:5.7.2]
	at org.junit.jupiter.engine.descriptor.TestMethodTestDescriptor.lambda$prepare$0(TestMethodTestDescriptor.java:101) ~[junit-jupiter-engine-5.7.2.jar:5.7.2]
	at org.junit.platform.engine.support.hierarchical.ThrowableCollector.execute(ThrowableCollector.java:73) ~[junit-platform-engine-1.7.2.jar:1.7.2]
	at org.junit.jupiter.engine.descriptor.TestMethodTestDescriptor.prepare(TestMethodTestDescriptor.java:100) ~[junit-jupiter-engine-5.7.2.jar:5.7.2]
	at org.junit.jupiter.engine.descriptor.TestMethodTestDescriptor.prepare(TestMethodTestDescriptor.java:65) ~[junit-jupiter-engine-5.7.2.jar:5.7.2]
	at org.junit.platform.engine.support.hierarchical.NodeTestTask.lambda$prepare$1(NodeTestTask.java:111) ~[junit-platform-engine-1.7.2.jar:1.7.2]
	at org.junit.platform.engine.support.hierarchical.ThrowableCollector.execute(ThrowableCollector.java:73) ~[junit-platform-engine-1.7.2.jar:1.7.2]
	at org.junit.platform.engine.support.hierarchical.NodeTestTask.prepare(NodeTestTask.java:111) ~[junit-platform-engine-1.7.2.jar:1.7.2]
	at org.junit.platform.engine.support.hierarchical.NodeTestTask.execute(NodeTestTask.java:79) ~[junit-platform-engine-1.7.2.jar:1.7.2]
	at java.util.ArrayList.forEach(ArrayList.java:1257) ~[na:1.8.0_241]
	at org.junit.platform.engine.support.hierarchical.SameThreadHierarchicalTestExecutorService.invokeAll(SameThreadHierarchicalTestExecutorService.java:38) ~[junit-platform-engine-1.7.2.jar:1.7.2]
	at org.junit.platform.engine.support.hierarchical.NodeTestTask.lambda$executeRecursively$5(NodeTestTask.java:143) ~[junit-platform-engine-1.7.2.jar:1.7.2]
	at org.junit.platform.engine.support.hierarchical.ThrowableCollector.execute(ThrowableCollector.java:73) ~[junit-platform-engine-1.7.2.jar:1.7.2]
	at org.junit.platform.engine.support.hierarchical.NodeTestTask.lambda$executeRecursively$7(NodeTestTask.java:129) ~[junit-platform-engine-1.7.2.jar:1.7.2]
	at org.junit.platform.engine.support.hierarchical.Node.around(Node.java:137) ~[junit-platform-engine-1.7.2.jar:1.7.2]
	at org.junit.platform.engine.support.hierarchical.NodeTestTask.lambda$executeRecursively$8(NodeTestTask.java:127) ~[junit-platform-engine-1.7.2.jar:1.7.2]
	at org.junit.platform.engine.support.hierarchical.ThrowableCollector.execute(ThrowableCollector.java:73) ~[junit-platform-engine-1.7.2.jar:1.7.2]
	at org.junit.platform.engine.support.hierarchical.NodeTestTask.executeRecursively(NodeTestTask.java:126) ~[junit-platform-engine-1.7.2.jar:1.7.2]
	at org.junit.platform.engine.support.hierarchical.NodeTestTask.execute(NodeTestTask.java:84) ~[junit-platform-engine-1.7.2.jar:1.7.2]
	at java.util.ArrayList.forEach(ArrayList.java:1257) ~[na:1.8.0_241]
	at org.junit.platform.engine.support.hierarchical.SameThreadHierarchicalTestExecutorService.invokeAll(SameThreadHierarchicalTestExecutorService.java:38) ~[junit-platform-engine-1.7.2.jar:1.7.2]
	at org.junit.platform.engine.support.hierarchical.NodeTestTask.lambda$executeRecursively$5(NodeTestTask.java:143) ~[junit-platform-engine-1.7.2.jar:1.7.2]
	at org.junit.platform.engine.support.hierarchical.ThrowableCollector.execute(ThrowableCollector.java:73) ~[junit-platform-engine-1.7.2.jar:1.7.2]
	at org.junit.platform.engine.support.hierarchical.NodeTestTask.lambda$executeRecursively$7(NodeTestTask.java:129) ~[junit-platform-engine-1.7.2.jar:1.7.2]
	at org.junit.platform.engine.support.hierarchical.Node.around(Node.java:137) ~[junit-platform-engine-1.7.2.jar:1.7.2]
	at org.junit.platform.engine.support.hierarchical.NodeTestTask.lambda$executeRecursively$8(NodeTestTask.java:127) ~[junit-platform-engine-1.7.2.jar:1.7.2]
	at org.junit.platform.engine.support.hierarchical.ThrowableCollector.execute(ThrowableCollector.java:73) ~[junit-platform-engine-1.7.2.jar:1.7.2]
	at org.junit.platform.engine.support.hierarchical.NodeTestTask.executeRecursively(NodeTestTask.java:126) ~[junit-platform-engine-1.7.2.jar:1.7.2]
	at org.junit.platform.engine.support.hierarchical.NodeTestTask.execute(NodeTestTask.java:84) ~[junit-platform-engine-1.7.2.jar:1.7.2]
	at org.junit.platform.engine.support.hierarchical.SameThreadHierarchicalTestExecutorService.submit(SameThreadHierarchicalTestExecutorService.java:32) ~[junit-platform-engine-1.7.2.jar:1.7.2]
	at org.junit.platform.engine.support.hierarchical.HierarchicalTestExecutor.execute(HierarchicalTestExecutor.java:57) ~[junit-platform-engine-1.7.2.jar:1.7.2]
	at org.junit.platform.engine.support.hierarchical.HierarchicalTestEngine.execute(HierarchicalTestEngine.java:51) ~[junit-platform-engine-1.7.2.jar:1.7.2]
	at org.junit.platform.launcher.core.DefaultLauncher.execute(DefaultLauncher.java:220) ~[junit-platform-launcher-1.3.1.jar:1.3.1]
	at org.junit.platform.launcher.core.DefaultLauncher.lambda$execute$6(DefaultLauncher.java:188) ~[junit-platform-launcher-1.3.1.jar:1.3.1]
	at org.junit.platform.launcher.core.DefaultLauncher.withInterceptedStreams(DefaultLauncher.java:202) ~[junit-platform-launcher-1.3.1.jar:1.3.1]
	at org.junit.platform.launcher.core.DefaultLauncher.execute(DefaultLauncher.java:181) ~[junit-platform-launcher-1.3.1.jar:1.3.1]
	at org.junit.platform.launcher.core.DefaultLauncher.execute(DefaultLauncher.java:128) ~[junit-platform-launcher-1.3.1.jar:1.3.1]
	at org.apache.maven.surefire.junitplatform.JUnitPlatformProvider.invokeAllTests(JUnitPlatformProvider.java:150) ~[surefire-junit-platform-2.22.2.jar:2.22.2]
	at org.apache.maven.surefire.junitplatform.JUnitPlatformProvider.invoke(JUnitPlatformProvider.java:124) ~[surefire-junit-platform-2.22.2.jar:2.22.2]
	at org.apache.maven.surefire.booter.ForkedBooter.invokeProviderInSameClassLoader(ForkedBooter.java:384) ~[surefire-booter-2.22.2.jar:2.22.2]
	at org.apache.maven.surefire.booter.ForkedBooter.runSuitesInProcess(ForkedBooter.java:345) ~[surefire-booter-2.22.2.jar:2.22.2]
	at org.apache.maven.surefire.booter.ForkedBooter.execute(ForkedBooter.java:126) ~[surefire-booter-2.22.2.jar:2.22.2]
	at org.apache.maven.surefire.booter.ForkedBooter.main(ForkedBooter.java:418) ~[surefire-booter-2.22.2.jar:2.22.2]
Caused by: com.ulisesbocchio.jasyptspringboot.exception.DecryptionException: Unable to decrypt: ENC(9QuAUitfw2/O7494T2oJMAREHh90NOVF). Decryption of Properties failed,  make sure encryption/decryption passwords match
	at com.ulisesbocchio.jasyptspringboot.resolver.DefaultPropertyResolver.lambda$resolvePropertyValue$0(DefaultPropertyResolver.java:46) ~[jasypt-spring-boot-3.0.3.jar:na]
	at java.util.Optional.map(Optional.java:215) ~[na:1.8.0_241]
	at com.ulisesbocchio.jasyptspringboot.resolver.DefaultPropertyResolver.resolvePropertyValue(DefaultPropertyResolver.java:40) ~[jasypt-spring-boot-3.0.3.jar:na]
	at com.ulisesbocchio.jasyptspringboot.resolver.DefaultLazyPropertyResolver.resolvePropertyValue(DefaultLazyPropertyResolver.java:50) ~[jasypt-spring-boot-3.0.3.jar:na]
	at com.ulisesbocchio.jasyptspringboot.EncryptablePropertySource.getProperty(EncryptablePropertySource.java:20) ~[jasypt-spring-boot-3.0.3.jar:na]
	at com.ulisesbocchio.jasyptspringboot.caching.CachingDelegateEncryptablePropertySource.getProperty(CachingDelegateEncryptablePropertySource.java:41) ~[jasypt-spring-boot-3.0.3.jar:na]
	at com.ulisesbocchio.jasyptspringboot.wrapper.EncryptableMapPropertySourceWrapper.getProperty(EncryptableMapPropertySourceWrapper.java:31) ~[jasypt-spring-boot-3.0.3.jar:na]
	at org.springframework.cloud.bootstrap.encrypt.AbstractEnvironmentDecrypt.merge(AbstractEnvironmentDecrypt.java:103) ~[spring-cloud-context-3.0.3.jar:3.0.3]
	at org.springframework.cloud.bootstrap.encrypt.AbstractEnvironmentDecrypt.merge(AbstractEnvironmentDecrypt.java:81) ~[spring-cloud-context-3.0.3.jar:3.0.3]
	at org.springframework.cloud.bootstrap.encrypt.AbstractEnvironmentDecrypt.decrypt(AbstractEnvironmentDecrypt.java:69) ~[spring-cloud-context-3.0.3.jar:3.0.3]
	at org.springframework.cloud.bootstrap.encrypt.EnvironmentDecryptApplicationInitializer.initialize(EnvironmentDecryptApplicationInitializer.java:95) ~[spring-cloud-context-3.0.3.jar:3.0.3]
	at org.springframework.cloud.bootstrap.BootstrapApplicationListener$DelegatingEnvironmentDecryptApplicationInitializer.initialize(BootstrapApplicationListener.java:411) ~[spring-cloud-context-3.0.3.jar:3.0.3]
	at org.springframework.boot.SpringApplication.applyInitializers(SpringApplication.java:634) ~[spring-boot-2.5.1.jar:2.5.1]
	at org.springframework.boot.SpringApplication.prepareContext(SpringApplication.java:403) ~[spring-boot-2.5.1.jar:2.5.1]
	at org.springframework.boot.SpringApplication.run(SpringApplication.java:337) ~[spring-boot-2.5.1.jar:2.5.1]
	at org.springframework.boot.test.context.SpringBootContextLoader.loadContext(SpringBootContextLoader.java:123) ~[spring-boot-test-2.5.1.jar:2.5.1]
	at org.springframework.test.context.cache.DefaultCacheAwareContextLoaderDelegate.loadContextInternal(DefaultCacheAwareContextLoaderDelegate.java:99) ~[spring-test-5.3.8.jar:5.3.8]
	at org.springframework.test.context.cache.DefaultCacheAwareContextLoaderDelegate.loadContext(DefaultCacheAwareContextLoaderDelegate.java:124) ~[spring-test-5.3.8.jar:5.3.8]
	... 67 common frames omitted
Caused by: org.jasypt.exceptions.EncryptionOperationNotPossibleException: null
	at org.jasypt.encryption.pbe.StandardPBEByteEncryptor.decrypt(StandardPBEByteEncryptor.java:1054) ~[jasypt-1.9.3.jar:na]
	at org.jasypt.encryption.pbe.StandardPBEStringEncryptor.decrypt(StandardPBEStringEncryptor.java:738) ~[jasypt-1.9.3.jar:na]
	at org.jasypt.encryption.pbe.PooledPBEStringEncryptor.decrypt(PooledPBEStringEncryptor.java:511) ~[jasypt-1.9.3.jar:na]
	at com.ulisesbocchio.jasyptspringboot.encryptor.DefaultLazyEncryptor.decrypt(DefaultLazyEncryptor.java:57) ~[jasypt-spring-boot-3.0.3.jar:na]
	at com.ulisesbocchio.jasyptspringboot.resolver.DefaultPropertyResolver.lambda$resolvePropertyValue$0(DefaultPropertyResolver.java:44) ~[jasypt-spring-boot-3.0.3.jar:na]
	... 84 common frames omitted

]]></system-out>
  </testcase>
</testsuite>