<?xml version="1.0" encoding="UTF-8"?>
<testsuite xmlns:xsi="http://www.w3.org/2001/XMLSchema-instance" xsi:noNamespaceSchemaLocation="https://maven.apache.org/surefire/maven-surefire-plugin/xsd/surefire-test-report.xsd" name="com.currency.configserver.ConfigServerApplicationTests" time="35.262" tests="1" errors="0" skipped="0" failures="0">
  <properties>
    <property name="awt.toolkit" value="sun.awt.X11.XToolkit"/>
    <property name="file.encoding.pkg" value="sun.io"/>
    <property name="java.specification.version" value="1.8"/>
    <property name="sun.cpu.isalist" value=""/>
    <property name="sun.jnu.encoding" value="UTF-8"/>
    <property name="java.class.path" value="/home/sayantan/currency/config-server/target/test-classes:/home/sayantan/currency/config-server/target/classes:/root/.m2/repository/org/springframework/boot/spring-boot-starter-actuator/2.5.1/spring-boot-starter-actuator-2.5.1.jar:/root/.m2/repository/org/springframework/boot/spring-boot-starter/2.5.1/spring-boot-starter-2.5.1.jar:/root/.m2/repository/org/springframework/boot/spring-boot-starter-logging/2.5.1/spring-boot-starter-logging-2.5.1.jar:/root/.m2/repository/ch/qos/logback/logback-classic/1.2.3/logback-classic-1.2.3.jar:/root/.m2/repository/ch/qos/logback/logback-core/1.2.3/logback-core-1.2.3.jar:/root/.m2/repository/org/apache/logging/log4j/log4j-to-slf4j/2.14.1/log4j-to-slf4j-2.14.1.jar:/root/.m2/repository/org/apache/logging/log4j/log4j-api/2.14.1/log4j-api-2.14.1.jar:/root/.m2/repository/org/slf4j/jul-to-slf4j/1.7.30/jul-to-slf4j-1.7.30.jar:/root/.m2/repository/jakarta/annotation/jakarta.annotation-api/1.3.5/jakarta.annotation-api-1.3.5.jar:/root/.m2/repository/org/springframework/boot/spring-boot-actuator-autoconfigure/2.5.1/spring-boot-actuator-autoconfigure-2.5.1.jar:/root/.m2/repository/org/springframework/boot/spring-boot-actuator/2.5.1/spring-boot-actuator-2.5.1.jar:/root/.m2/repository/com/fasterxml/jackson/core/jackson-databind/2.12.3/jackson-databind-2.12.3.jar:/root/.m2/repository/com/fasterxml/jackson/datatype/jackson-datatype-jsr310/2.12.3/jackson-datatype-jsr310-2.12.3.jar:/root/.m2/repository/io/micrometer/micrometer-core/1.7.0/micrometer-core-1.7.0.jar:/root/.m2/repository/org/hdrhistogram/HdrHistogram/2.1.12/HdrHistogram-2.1.12.jar:/root/.m2/repository/org/latencyutils/LatencyUtils/2.0.3/LatencyUtils-2.0.3.jar:/root/.m2/repository/org/springframework/cloud/spring-cloud-config-server/3.0.4/spring-cloud-config-server-3.0.4.jar:/root/.m2/repository/org/springframework/cloud/spring-cloud-config-client/3.0.4/spring-cloud-config-client-3.0.4.jar:/root/.m2/repository/org/springframework/cloud/spring-cloud-commons/3.0.3/spring-cloud-commons-3.0.3.jar:/root/.m2/repository/org/springframework/cloud/spring-cloud-context/3.0.3/spring-cloud-context-3.0.3.jar:/root/.m2/repository/com/fasterxml/jackson/core/jackson-annotations/2.12.3/jackson-annotations-2.12.3.jar:/root/.m2/repository/org/apache/httpcomponents/httpclient/4.5.13/httpclient-4.5.13.jar:/root/.m2/repository/commons-codec/commons-codec/1.15/commons-codec-1.15.jar:/root/.m2/repository/org/springframework/boot/spring-boot-starter-validation/2.5.1/spring-boot-starter-validation-2.5.1.jar:/root/.m2/repository/org/apache/tomcat/embed/tomcat-embed-el/9.0.46/tomcat-embed-el-9.0.46.jar:/root/.m2/repository/org/hibernate/validator/hibernate-validator/6.2.0.Final/hibernate-validator-6.2.0.Final.jar:/root/.m2/repository/jakarta/validation/jakarta.validation-api/2.0.2/jakarta.validation-api-2.0.2.jar:/root/.m2/repository/org/jboss/logging/jboss-logging/3.4.2.Final/jboss-logging-3.4.2.Final.jar:/root/.m2/repository/com/fasterxml/classmate/1.5.1/classmate-1.5.1.jar:/root/.m2/repository/org/springframework/security/spring-security-crypto/5.5.0/spring-security-crypto-5.5.0.jar:/root/.m2/repository/org/springframework/security/spring-security-rsa/1.0.10.RELEASE/spring-security-rsa-1.0.10.RELEASE.jar:/root/.m2/repository/org/bouncycastle/bcpkix-jdk15on/1.68/bcpkix-jdk15on-1.68.jar:/root/.m2/repository/org/bouncycastle/bcprov-jdk15on/1.68/bcprov-jdk15on-1.68.jar:/root/.m2/repository/org/eclipse/jgit/org.eclipse.jgit/5.1.3.201810200350-r/org.eclipse.jgit-5.1.3.201810200350-r.jar:/root/.m2/repository/com/jcraft/jsch/0.1.55/jsch-0.1.55.jar:/root/.m2/repository/com/jcraft/jzlib/1.1.1/jzlib-1.1.1.jar:/root/.m2/repository/com/googlecode/javaewah/JavaEWAH/1.1.6/JavaEWAH-1.1.6.jar:/root/.m2/repository/org/slf4j/slf4j-api/1.7.30/slf4j-api-1.7.30.jar:/root/.m2/repository/org/eclipse/jgit/org.eclipse.jgit.http.apache/5.1.3.201810200350-r/org.eclipse.jgit.http.apache-5.1.3.201810200350-r.jar:/root/.m2/repository/org/apache/httpcomponents/httpcore/4.4.14/httpcore-4.4.14.jar:/root/.m2/repository/org/yaml/snakeyaml/1.28/snakeyaml-1.28.jar:/root/.m2/repository/com/fasterxml/jackson/dataformat/jackson-dataformat-yaml/2.12.3/jackson-dataformat-yaml-2.12.3.jar:/root/.m2/repository/com/fasterxml/jackson/core/jackson-core/2.12.3/jackson-core-2.12.3.jar:/root/.m2/repository/org/springframework/boot/spring-boot-starter-web/2.5.1/spring-boot-starter-web-2.5.1.jar:/root/.m2/repository/org/springframework/boot/spring-boot-starter-json/2.5.1/spring-boot-starter-json-2.5.1.jar:/root/.m2/repository/com/fasterxml/jackson/datatype/jackson-datatype-jdk8/2.12.3/jackson-datatype-jdk8-2.12.3.jar:/root/.m2/repository/com/fasterxml/jackson/module/jackson-module-parameter-names/2.12.3/jackson-module-parameter-names-2.12.3.jar:/root/.m2/repository/org/springframework/boot/spring-boot-starter-tomcat/2.5.1/spring-boot-starter-tomcat-2.5.1.jar:/root/.m2/repository/org/apache/tomcat/embed/tomcat-embed-core/9.0.46/tomcat-embed-core-9.0.46.jar:/root/.m2/repository/org/apache/tomcat/embed/tomcat-embed-websocket/9.0.46/tomcat-embed-websocket-9.0.46.jar:/root/.m2/repository/org/springframework/spring-web/5.3.8/spring-web-5.3.8.jar:/root/.m2/repository/org/springframework/spring-beans/5.3.8/spring-beans-5.3.8.jar:/root/.m2/repository/org/springframework/spring-webmvc/5.3.8/spring-webmvc-5.3.8.jar:/root/.m2/repository/org/springframework/spring-aop/5.3.8/spring-aop-5.3.8.jar:/root/.m2/repository/org/springframework/spring-context/5.3.8/spring-context-5.3.8.jar:/root/.m2/repository/org/springframework/spring-expression/5.3.8/spring-expression-5.3.8.jar:/root/.m2/repository/org/springframework/boot/spring-boot-devtools/2.5.1/spring-boot-devtools-2.5.1.jar:/root/.m2/repository/org/springframework/boot/spring-boot/2.5.1/spring-boot-2.5.1.jar:/root/.m2/repository/org/springframework/boot/spring-boot-autoconfigure/2.5.1/spring-boot-autoconfigure-2.5.1.jar:/root/.m2/repository/org/projectlombok/lombok/1.18.20/lombok-1.18.20.jar:/root/.m2/repository/org/springframework/boot/spring-boot-starter-test/2.5.1/spring-boot-starter-test-2.5.1.jar:/root/.m2/repository/org/springframework/boot/spring-boot-test/2.5.1/spring-boot-test-2.5.1.jar:/root/.m2/repository/org/springframework/boot/spring-boot-test-autoconfigure/2.5.1/spring-boot-test-autoconfigure-2.5.1.jar:/root/.m2/repository/com/jayway/jsonpath/json-path/2.5.0/json-path-2.5.0.jar:/root/.m2/repository/net/minidev/json-smart/2.4.7/json-smart-2.4.7.jar:/root/.m2/repository/net/minidev/accessors-smart/2.4.7/accessors-smart-2.4.7.jar:/root/.m2/repository/org/ow2/asm/asm/9.1/asm-9.1.jar:/root/.m2/repository/jakarta/xml/bind/jakarta.xml.bind-api/2.3.3/jakarta.xml.bind-api-2.3.3.jar:/root/.m2/repository/jakarta/activation/jakarta.activation-api/1.2.2/jakarta.activation-api-1.2.2.jar:/root/.m2/repository/org/assertj/assertj-core/3.19.0/assertj-core-3.19.0.jar:/root/.m2/repository/org/hamcrest/hamcrest/2.2/hamcrest-2.2.jar:/root/.m2/repository/org/junit/jupiter/junit-jupiter/5.7.2/junit-jupiter-5.7.2.jar:/root/.m2/repository/org/junit/jupiter/junit-jupiter-api/5.7.2/junit-jupiter-api-5.7.2.jar:/root/.m2/repository/org/apiguardian/apiguardian-api/1.1.0/apiguardian-api-1.1.0.jar:/root/.m2/repository/org/opentest4j/opentest4j/1.2.0/opentest4j-1.2.0.jar:/root/.m2/repository/org/junit/platform/junit-platform-commons/1.7.2/junit-platform-commons-1.7.2.jar:/root/.m2/repository/org/junit/jupiter/junit-jupiter-params/5.7.2/junit-jupiter-params-5.7.2.jar:/root/.m2/repository/org/junit/jupiter/junit-jupiter-engine/5.7.2/junit-jupiter-engine-5.7.2.jar:/root/.m2/repository/org/junit/platform/junit-platform-engine/1.7.2/junit-platform-engine-1.7.2.jar:/root/.m2/repository/org/mockito/mockito-core/3.9.0/mockito-core-3.9.0.jar:/root/.m2/repository/net/bytebuddy/byte-buddy/1.10.22/byte-buddy-1.10.22.jar:/root/.m2/repository/net/bytebuddy/byte-buddy-agent/1.10.22/byte-buddy-agent-1.10.22.jar:/root/.m2/repository/org/objenesis/objenesis/3.2/objenesis-3.2.jar:/root/.m2/repository/org/mockito/mockito-junit-jupiter/3.9.0/mockito-junit-jupiter-3.9.0.jar:/root/.m2/repository/org/skyscreamer/jsonassert/1.5.0/jsonassert-1.5.0.jar:/root/.m2/repository/com/vaadin/external/google/android-json/0.0.20131108.vaadin1/android-json-0.0.20131108.vaadin1.jar:/root/.m2/repository/org/springframework/spring-core/5.3.8/spring-core-5.3.8.jar:/root/.m2/repository/org/springframework/spring-jcl/5.3.8/spring-jcl-5.3.8.jar:/root/.m2/repository/org/springframework/spring-test/5.3.8/spring-test-5.3.8.jar:/root/.m2/repository/org/xmlunit/xmlunit-core/2.8.2/xmlunit-core-2.8.2.jar:"/>
    <property name="java.vm.vendor" value="Private Build"/>
    <property name="sun.arch.data.model" value="64"/>
    <property name="java.vendor.url" value="http://java.oracle.com/"/>
    <property name="user.timezone" value=""/>
    <property name="java.vm.specification.version" value="1.8"/>
    <property name="os.name" value="Linux"/>
    <property name="user.country" value="IN"/>
    <property name="sun.java.launcher" value="SUN_STANDARD"/>
    <property name="sun.boot.library.path" value="/usr/lib/jvm/java-8-openjdk-amd64/jre/lib/amd64"/>
    <property name="sun.java.command" value="/home/sayantan/currency/config-server/target/surefire/surefirebooter4019554452219920430.jar /home/sayantan/currency/config-server/target/surefire 2021-06-25T10-43-35_599-jvmRun1 surefire1193599810313043463tmp surefire_05929709498362109985tmp"/>
    <property name="surefire.test.class.path" value="/home/sayantan/currency/config-server/target/test-classes:/home/sayantan/currency/config-server/target/classes:/root/.m2/repository/org/springframework/boot/spring-boot-starter-actuator/2.5.1/spring-boot-starter-actuator-2.5.1.jar:/root/.m2/repository/org/springframework/boot/spring-boot-starter/2.5.1/spring-boot-starter-2.5.1.jar:/root/.m2/repository/org/springframework/boot/spring-boot-starter-logging/2.5.1/spring-boot-starter-logging-2.5.1.jar:/root/.m2/repository/ch/qos/logback/logback-classic/1.2.3/logback-classic-1.2.3.jar:/root/.m2/repository/ch/qos/logback/logback-core/1.2.3/logback-core-1.2.3.jar:/root/.m2/repository/org/apache/logging/log4j/log4j-to-slf4j/2.14.1/log4j-to-slf4j-2.14.1.jar:/root/.m2/repository/org/apache/logging/log4j/log4j-api/2.14.1/log4j-api-2.14.1.jar:/root/.m2/repository/org/slf4j/jul-to-slf4j/1.7.30/jul-to-slf4j-1.7.30.jar:/root/.m2/repository/jakarta/annotation/jakarta.annotation-api/1.3.5/jakarta.annotation-api-1.3.5.jar:/root/.m2/repository/org/springframework/boot/spring-boot-actuator-autoconfigure/2.5.1/spring-boot-actuator-autoconfigure-2.5.1.jar:/root/.m2/repository/org/springframework/boot/spring-boot-actuator/2.5.1/spring-boot-actuator-2.5.1.jar:/root/.m2/repository/com/fasterxml/jackson/core/jackson-databind/2.12.3/jackson-databind-2.12.3.jar:/root/.m2/repository/com/fasterxml/jackson/datatype/jackson-datatype-jsr310/2.12.3/jackson-datatype-jsr310-2.12.3.jar:/root/.m2/repository/io/micrometer/micrometer-core/1.7.0/micrometer-core-1.7.0.jar:/root/.m2/repository/org/hdrhistogram/HdrHistogram/2.1.12/HdrHistogram-2.1.12.jar:/root/.m2/repository/org/latencyutils/LatencyUtils/2.0.3/LatencyUtils-2.0.3.jar:/root/.m2/repository/org/springframework/cloud/spring-cloud-config-server/3.0.4/spring-cloud-config-server-3.0.4.jar:/root/.m2/repository/org/springframework/cloud/spring-cloud-config-client/3.0.4/spring-cloud-config-client-3.0.4.jar:/root/.m2/repository/org/springframework/cloud/spring-cloud-commons/3.0.3/spring-cloud-commons-3.0.3.jar:/root/.m2/repository/org/springframework/cloud/spring-cloud-context/3.0.3/spring-cloud-context-3.0.3.jar:/root/.m2/repository/com/fasterxml/jackson/core/jackson-annotations/2.12.3/jackson-annotations-2.12.3.jar:/root/.m2/repository/org/apache/httpcomponents/httpclient/4.5.13/httpclient-4.5.13.jar:/root/.m2/repository/commons-codec/commons-codec/1.15/commons-codec-1.15.jar:/root/.m2/repository/org/springframework/boot/spring-boot-starter-validation/2.5.1/spring-boot-starter-validation-2.5.1.jar:/root/.m2/repository/org/apache/tomcat/embed/tomcat-embed-el/9.0.46/tomcat-embed-el-9.0.46.jar:/root/.m2/repository/org/hibernate/validator/hibernate-validator/6.2.0.Final/hibernate-validator-6.2.0.Final.jar:/root/.m2/repository/jakarta/validation/jakarta.validation-api/2.0.2/jakarta.validation-api-2.0.2.jar:/root/.m2/repository/org/jboss/logging/jboss-logging/3.4.2.Final/jboss-logging-3.4.2.Final.jar:/root/.m2/repository/com/fasterxml/classmate/1.5.1/classmate-1.5.1.jar:/root/.m2/repository/org/springframework/security/spring-security-crypto/5.5.0/spring-security-crypto-5.5.0.jar:/root/.m2/repository/org/springframework/security/spring-security-rsa/1.0.10.RELEASE/spring-security-rsa-1.0.10.RELEASE.jar:/root/.m2/repository/org/bouncycastle/bcpkix-jdk15on/1.68/bcpkix-jdk15on-1.68.jar:/root/.m2/repository/org/bouncycastle/bcprov-jdk15on/1.68/bcprov-jdk15on-1.68.jar:/root/.m2/repository/org/eclipse/jgit/org.eclipse.jgit/5.1.3.201810200350-r/org.eclipse.jgit-5.1.3.201810200350-r.jar:/root/.m2/repository/com/jcraft/jsch/0.1.55/jsch-0.1.55.jar:/root/.m2/repository/com/jcraft/jzlib/1.1.1/jzlib-1.1.1.jar:/root/.m2/repository/com/googlecode/javaewah/JavaEWAH/1.1.6/JavaEWAH-1.1.6.jar:/root/.m2/repository/org/slf4j/slf4j-api/1.7.30/slf4j-api-1.7.30.jar:/root/.m2/repository/org/eclipse/jgit/org.eclipse.jgit.http.apache/5.1.3.201810200350-r/org.eclipse.jgit.http.apache-5.1.3.201810200350-r.jar:/root/.m2/repository/org/apache/httpcomponents/httpcore/4.4.14/httpcore-4.4.14.jar:/root/.m2/repository/org/yaml/snakeyaml/1.28/snakeyaml-1.28.jar:/root/.m2/repository/com/fasterxml/jackson/dataformat/jackson-dataformat-yaml/2.12.3/jackson-dataformat-yaml-2.12.3.jar:/root/.m2/repository/com/fasterxml/jackson/core/jackson-core/2.12.3/jackson-core-2.12.3.jar:/root/.m2/repository/org/springframework/boot/spring-boot-starter-web/2.5.1/spring-boot-starter-web-2.5.1.jar:/root/.m2/repository/org/springframework/boot/spring-boot-starter-json/2.5.1/spring-boot-starter-json-2.5.1.jar:/root/.m2/repository/com/fasterxml/jackson/datatype/jackson-datatype-jdk8/2.12.3/jackson-datatype-jdk8-2.12.3.jar:/root/.m2/repository/com/fasterxml/jackson/module/jackson-module-parameter-names/2.12.3/jackson-module-parameter-names-2.12.3.jar:/root/.m2/repository/org/springframework/boot/spring-boot-starter-tomcat/2.5.1/spring-boot-starter-tomcat-2.5.1.jar:/root/.m2/repository/org/apache/tomcat/embed/tomcat-embed-core/9.0.46/tomcat-embed-core-9.0.46.jar:/root/.m2/repository/org/apache/tomcat/embed/tomcat-embed-websocket/9.0.46/tomcat-embed-websocket-9.0.46.jar:/root/.m2/repository/org/springframework/spring-web/5.3.8/spring-web-5.3.8.jar:/root/.m2/repository/org/springframework/spring-beans/5.3.8/spring-beans-5.3.8.jar:/root/.m2/repository/org/springframework/spring-webmvc/5.3.8/spring-webmvc-5.3.8.jar:/root/.m2/repository/org/springframework/spring-aop/5.3.8/spring-aop-5.3.8.jar:/root/.m2/repository/org/springframework/spring-context/5.3.8/spring-context-5.3.8.jar:/root/.m2/repository/org/springframework/spring-expression/5.3.8/spring-expression-5.3.8.jar:/root/.m2/repository/org/springframework/boot/spring-boot-devtools/2.5.1/spring-boot-devtools-2.5.1.jar:/root/.m2/repository/org/springframework/boot/spring-boot/2.5.1/spring-boot-2.5.1.jar:/root/.m2/repository/org/springframework/boot/spring-boot-autoconfigure/2.5.1/spring-boot-autoconfigure-2.5.1.jar:/root/.m2/repository/org/projectlombok/lombok/1.18.20/lombok-1.18.20.jar:/root/.m2/repository/org/springframework/boot/spring-boot-starter-test/2.5.1/spring-boot-starter-test-2.5.1.jar:/root/.m2/repository/org/springframework/boot/spring-boot-test/2.5.1/spring-boot-test-2.5.1.jar:/root/.m2/repository/org/springframework/boot/spring-boot-test-autoconfigure/2.5.1/spring-boot-test-autoconfigure-2.5.1.jar:/root/.m2/repository/com/jayway/jsonpath/json-path/2.5.0/json-path-2.5.0.jar:/root/.m2/repository/net/minidev/json-smart/2.4.7/json-smart-2.4.7.jar:/root/.m2/repository/net/minidev/accessors-smart/2.4.7/accessors-smart-2.4.7.jar:/root/.m2/repository/org/ow2/asm/asm/9.1/asm-9.1.jar:/root/.m2/repository/jakarta/xml/bind/jakarta.xml.bind-api/2.3.3/jakarta.xml.bind-api-2.3.3.jar:/root/.m2/repository/jakarta/activation/jakarta.activation-api/1.2.2/jakarta.activation-api-1.2.2.jar:/root/.m2/repository/org/assertj/assertj-core/3.19.0/assertj-core-3.19.0.jar:/root/.m2/repository/org/hamcrest/hamcrest/2.2/hamcrest-2.2.jar:/root/.m2/repository/org/junit/jupiter/junit-jupiter/5.7.2/junit-jupiter-5.7.2.jar:/root/.m2/repository/org/junit/jupiter/junit-jupiter-api/5.7.2/junit-jupiter-api-5.7.2.jar:/root/.m2/repository/org/apiguardian/apiguardian-api/1.1.0/apiguardian-api-1.1.0.jar:/root/.m2/repository/org/opentest4j/opentest4j/1.2.0/opentest4j-1.2.0.jar:/root/.m2/repository/org/junit/platform/junit-platform-commons/1.7.2/junit-platform-commons-1.7.2.jar:/root/.m2/repository/org/junit/jupiter/junit-jupiter-params/5.7.2/junit-jupiter-params-5.7.2.jar:/root/.m2/repository/org/junit/jupiter/junit-jupiter-engine/5.7.2/junit-jupiter-engine-5.7.2.jar:/root/.m2/repository/org/junit/platform/junit-platform-engine/1.7.2/junit-platform-engine-1.7.2.jar:/root/.m2/repository/org/mockito/mockito-core/3.9.0/mockito-core-3.9.0.jar:/root/.m2/repository/net/bytebuddy/byte-buddy/1.10.22/byte-buddy-1.10.22.jar:/root/.m2/repository/net/bytebuddy/byte-buddy-agent/1.10.22/byte-buddy-agent-1.10.22.jar:/root/.m2/repository/org/objenesis/objenesis/3.2/objenesis-3.2.jar:/root/.m2/repository/org/mockito/mockito-junit-jupiter/3.9.0/mockito-junit-jupiter-3.9.0.jar:/root/.m2/repository/org/skyscreamer/jsonassert/1.5.0/jsonassert-1.5.0.jar:/root/.m2/repository/com/vaadin/external/google/android-json/0.0.20131108.vaadin1/android-json-0.0.20131108.vaadin1.jar:/root/.m2/repository/org/springframework/spring-core/5.3.8/spring-core-5.3.8.jar:/root/.m2/repository/org/springframework/spring-jcl/5.3.8/spring-jcl-5.3.8.jar:/root/.m2/repository/org/springframework/spring-test/5.3.8/spring-test-5.3.8.jar:/root/.m2/repository/org/xmlunit/xmlunit-core/2.8.2/xmlunit-core-2.8.2.jar:"/>
    <property name="sun.cpu.endian" value="little"/>
    <property name="user.home" value="/root"/>
    <property name="user.language" value="en"/>
    <property name="java.specification.vendor" value="Oracle Corporation"/>
    <property name="java.home" value="/usr/lib/jvm/java-8-openjdk-amd64/jre"/>
    <property name="basedir" value="/home/sayantan/currency/config-server"/>
    <property name="file.separator" value="/"/>
    <property name="line.separator" value="&#10;"/>
    <property name="java.vm.specification.vendor" value="Oracle Corporation"/>
    <property name="java.specification.name" value="Java Platform API Specification"/>
    <property name="java.awt.graphicsenv" value="sun.awt.X11GraphicsEnvironment"/>
    <property name="surefire.real.class.path" value="/home/sayantan/currency/config-server/target/surefire/surefirebooter4019554452219920430.jar"/>
    <property name="sun.boot.class.path" value="/usr/lib/jvm/java-8-openjdk-amd64/jre/lib/resources.jar:/usr/lib/jvm/java-8-openjdk-amd64/jre/lib/rt.jar:/usr/lib/jvm/java-8-openjdk-amd64/jre/lib/sunrsasign.jar:/usr/lib/jvm/java-8-openjdk-amd64/jre/lib/jsse.jar:/usr/lib/jvm/java-8-openjdk-amd64/jre/lib/jce.jar:/usr/lib/jvm/java-8-openjdk-amd64/jre/lib/charsets.jar:/usr/lib/jvm/java-8-openjdk-amd64/jre/lib/jfr.jar:/usr/lib/jvm/java-8-openjdk-amd64/jre/classes"/>
    <property name="sun.management.compiler" value="HotSpot 64-Bit Tiered Compilers"/>
    <property name="java.runtime.version" value="1.8.0_292-8u292-b10-0ubuntu1~16.04.1-b10"/>
    <property name="user.name" value="root"/>
    <property name="path.separator" value=":"/>
    <property name="os.version" value="4.4.0-31-generic"/>
    <property name="java.endorsed.dirs" value="/usr/lib/jvm/java-8-openjdk-amd64/jre/lib/endorsed"/>
    <property name="java.runtime.name" value="OpenJDK Runtime Environment"/>
    <property name="file.encoding" value="UTF-8"/>
    <property name="java.vm.name" value="OpenJDK 64-Bit Server VM"/>
    <property name="localRepository" value="/root/.m2/repository"/>
    <property name="java.vendor.url.bug" value="http://bugreport.sun.com/bugreport/"/>
    <property name="java.io.tmpdir" value="/tmp"/>
    <property name="java.version" value="1.8.0_292"/>
    <property name="user.dir" value="/home/sayantan/currency/config-server"/>
    <property name="os.arch" value="amd64"/>
    <property name="java.vm.specification.name" value="Java Virtual Machine Specification"/>
    <property name="java.awt.printerjob" value="sun.print.PSPrinterJob"/>
    <property name="sun.os.patch.level" value="unknown"/>
    <property name="java.library.path" value="/usr/java/packages/lib/amd64:/usr/lib/x86_64-linux-gnu/jni:/lib/x86_64-linux-gnu:/usr/lib/x86_64-linux-gnu:/usr/lib/jni:/lib:/usr/lib"/>
    <property name="java.vm.info" value="mixed mode"/>
    <property name="java.vendor" value="Private Build"/>
    <property name="java.vm.version" value="25.292-b10"/>
    <property name="java.ext.dirs" value="/usr/lib/jvm/java-8-openjdk-amd64/jre/lib/ext:/usr/java/packages/lib/ext"/>
    <property name="sun.io.unicode.encoding" value="UnicodeLittle"/>
    <property name="java.class.version" value="52.0"/>
  </properties>
  <testcase name="contextLoads" classname="com.currency.configserver.ConfigServerApplicationTests" time="0.949"/>
</testsuite>