<?xml version="1.0" encoding="UTF-8"?>
<testsuite xmlns:xsi="http://www.w3.org/2001/XMLSchema-instance" xsi:noNamespaceSchemaLocation="https://maven.apache.org/surefire/maven-surefire-plugin/xsd/surefire-test-report.xsd" name="com.currency.conversion.ConversionApplicationTests" time="40.609" tests="1" errors="0" skipped="0" failures="0">
  <properties>
    <property name="sun.desktop" value="windows"/>
    <property name="awt.toolkit" value="sun.awt.windows.WToolkit"/>
    <property name="file.encoding.pkg" value="sun.io"/>
    <property name="java.specification.version" value="1.8"/>
    <property name="sun.cpu.isalist" value="amd64"/>
    <property name="sun.jnu.encoding" value="Cp1252"/>
    <property name="java.class.path" value="C:\Users\Sayantan\Desktop\Currency\conversion\target\test-classes;C:\Users\Sayantan\Desktop\Currency\conversion\target\classes;C:\Users\Sayantan\.m2\repository\org\springframework\boot\spring-boot-starter-actuator\2.5.1\spring-boot-starter-actuator-2.5.1.jar;C:\Users\Sayantan\.m2\repository\org\springframework\boot\spring-boot-starter\2.5.1\spring-boot-starter-2.5.1.jar;C:\Users\Sayantan\.m2\repository\org\springframework\boot\spring-boot-starter-logging\2.5.1\spring-boot-starter-logging-2.5.1.jar;C:\Users\Sayantan\.m2\repository\ch\qos\logback\logback-classic\1.2.3\logback-classic-1.2.3.jar;C:\Users\Sayantan\.m2\repository\ch\qos\logback\logback-core\1.2.3\logback-core-1.2.3.jar;C:\Users\Sayantan\.m2\repository\org\apache\logging\log4j\log4j-to-slf4j\2.14.1\log4j-to-slf4j-2.14.1.jar;C:\Users\Sayantan\.m2\repository\org\apache\logging\log4j\log4j-api\2.14.1\log4j-api-2.14.1.jar;C:\Users\Sayantan\.m2\repository\org\slf4j\jul-to-slf4j\1.7.30\jul-to-slf4j-1.7.30.jar;C:\Users\Sayantan\.m2\repository\jakarta\annotation\jakarta.annotation-api\1.3.5\jakarta.annotation-api-1.3.5.jar;C:\Users\Sayantan\.m2\repository\org\yaml\snakeyaml\1.28\snakeyaml-1.28.jar;C:\Users\Sayantan\.m2\repository\org\springframework\boot\spring-boot-actuator-autoconfigure\2.5.1\spring-boot-actuator-autoconfigure-2.5.1.jar;C:\Users\Sayantan\.m2\repository\org\springframework\boot\spring-boot-actuator\2.5.1\spring-boot-actuator-2.5.1.jar;C:\Users\Sayantan\.m2\repository\com\fasterxml\jackson\datatype\jackson-datatype-jsr310\2.12.3\jackson-datatype-jsr310-2.12.3.jar;C:\Users\Sayantan\.m2\repository\io\micrometer\micrometer-core\1.7.0\micrometer-core-1.7.0.jar;C:\Users\Sayantan\.m2\repository\org\hdrhistogram\HdrHistogram\2.1.12\HdrHistogram-2.1.12.jar;C:\Users\Sayantan\.m2\repository\org\latencyutils\LatencyUtils\2.0.3\LatencyUtils-2.0.3.jar;C:\Users\Sayantan\.m2\repository\org\springframework\boot\spring-boot-starter-data-jpa\2.5.1\spring-boot-starter-data-jpa-2.5.1.jar;C:\Users\Sayantan\.m2\repository\org\springframework\boot\spring-boot-starter-aop\2.5.1\spring-boot-starter-aop-2.5.1.jar;C:\Users\Sayantan\.m2\repository\org\springframework\spring-aop\5.3.8\spring-aop-5.3.8.jar;C:\Users\Sayantan\.m2\repository\org\aspectj\aspectjweaver\1.9.6\aspectjweaver-1.9.6.jar;C:\Users\Sayantan\.m2\repository\org\springframework\boot\spring-boot-starter-jdbc\2.5.1\spring-boot-starter-jdbc-2.5.1.jar;C:\Users\Sayantan\.m2\repository\com\zaxxer\HikariCP\4.0.3\HikariCP-4.0.3.jar;C:\Users\Sayantan\.m2\repository\org\springframework\spring-jdbc\5.3.8\spring-jdbc-5.3.8.jar;C:\Users\Sayantan\.m2\repository\jakarta\transaction\jakarta.transaction-api\1.3.3\jakarta.transaction-api-1.3.3.jar;C:\Users\Sayantan\.m2\repository\jakarta\persistence\jakarta.persistence-api\2.2.3\jakarta.persistence-api-2.2.3.jar;C:\Users\Sayantan\.m2\repository\org\hibernate\hibernate-core\5.4.32.Final\hibernate-core-5.4.32.Final.jar;C:\Users\Sayantan\.m2\repository\org\jboss\logging\jboss-logging\3.4.2.Final\jboss-logging-3.4.2.Final.jar;C:\Users\Sayantan\.m2\repository\org\javassist\javassist\3.27.0-GA\javassist-3.27.0-GA.jar;C:\Users\Sayantan\.m2\repository\net\bytebuddy\byte-buddy\1.10.22\byte-buddy-1.10.22.jar;C:\Users\Sayantan\.m2\repository\antlr\antlr\2.7.7\antlr-2.7.7.jar;C:\Users\Sayantan\.m2\repository\org\jboss\jandex\2.2.3.Final\jandex-2.2.3.Final.jar;C:\Users\Sayantan\.m2\repository\com\fasterxml\classmate\1.5.1\classmate-1.5.1.jar;C:\Users\Sayantan\.m2\repository\org\dom4j\dom4j\2.1.3\dom4j-2.1.3.jar;C:\Users\Sayantan\.m2\repository\org\hibernate\common\hibernate-commons-annotations\5.1.2.Final\hibernate-commons-annotations-5.1.2.Final.jar;C:\Users\Sayantan\.m2\repository\org\glassfish\jaxb\jaxb-runtime\2.3.4\jaxb-runtime-2.3.4.jar;C:\Users\Sayantan\.m2\repository\org\glassfish\jaxb\txw2\2.3.4\txw2-2.3.4.jar;C:\Users\Sayantan\.m2\repository\com\sun\istack\istack-commons-runtime\3.0.12\istack-commons-runtime-3.0.12.jar;C:\Users\Sayantan\.m2\repository\com\sun\activation\jakarta.activation\1.2.2\jakarta.activation-1.2.2.jar;C:\Users\Sayantan\.m2\repository\org\springframework\data\spring-data-jpa\2.5.1\spring-data-jpa-2.5.1.jar;C:\Users\Sayantan\.m2\repository\org\springframework\data\spring-data-commons\2.5.1\spring-data-commons-2.5.1.jar;C:\Users\Sayantan\.m2\repository\org\springframework\spring-orm\5.3.8\spring-orm-5.3.8.jar;C:\Users\Sayantan\.m2\repository\org\springframework\spring-context\5.3.8\spring-context-5.3.8.jar;C:\Users\Sayantan\.m2\repository\org\springframework\spring-tx\5.3.8\spring-tx-5.3.8.jar;C:\Users\Sayantan\.m2\repository\org\springframework\spring-beans\5.3.8\spring-beans-5.3.8.jar;C:\Users\Sayantan\.m2\repository\org\slf4j\slf4j-api\1.7.30\slf4j-api-1.7.30.jar;C:\Users\Sayantan\.m2\repository\org\springframework\spring-aspects\5.3.8\spring-aspects-5.3.8.jar;C:\Users\Sayantan\.m2\repository\org\springframework\boot\spring-boot-starter-web\2.5.1\spring-boot-starter-web-2.5.1.jar;C:\Users\Sayantan\.m2\repository\org\springframework\boot\spring-boot-starter-json\2.5.1\spring-boot-starter-json-2.5.1.jar;C:\Users\Sayantan\.m2\repository\com\fasterxml\jackson\datatype\jackson-datatype-jdk8\2.12.3\jackson-datatype-jdk8-2.12.3.jar;C:\Users\Sayantan\.m2\repository\com\fasterxml\jackson\module\jackson-module-parameter-names\2.12.3\jackson-module-parameter-names-2.12.3.jar;C:\Users\Sayantan\.m2\repository\org\springframework\boot\spring-boot-starter-tomcat\2.5.1\spring-boot-starter-tomcat-2.5.1.jar;C:\Users\Sayantan\.m2\repository\org\apache\tomcat\embed\tomcat-embed-core\9.0.46\tomcat-embed-core-9.0.46.jar;C:\Users\Sayantan\.m2\repository\org\apache\tomcat\embed\tomcat-embed-el\9.0.46\tomcat-embed-el-9.0.46.jar;C:\Users\Sayantan\.m2\repository\org\apache\tomcat\embed\tomcat-embed-websocket\9.0.46\tomcat-embed-websocket-9.0.46.jar;C:\Users\Sayantan\.m2\repository\org\springframework\spring-web\5.3.8\spring-web-5.3.8.jar;C:\Users\Sayantan\.m2\repository\org\springframework\spring-webmvc\5.3.8\spring-webmvc-5.3.8.jar;C:\Users\Sayantan\.m2\repository\org\springframework\spring-expression\5.3.8\spring-expression-5.3.8.jar;C:\Users\Sayantan\.m2\repository\org\springframework\cloud\spring-cloud-starter-config\3.0.4\spring-cloud-starter-config-3.0.4.jar;C:\Users\Sayantan\.m2\repository\org\springframework\cloud\spring-cloud-starter\3.0.3\spring-cloud-starter-3.0.3.jar;C:\Users\Sayantan\.m2\repository\org\springframework\cloud\spring-cloud-context\3.0.3\spring-cloud-context-3.0.3.jar;C:\Users\Sayantan\.m2\repository\org\springframework\security\spring-security-crypto\5.5.0\spring-security-crypto-5.5.0.jar;C:\Users\Sayantan\.m2\repository\org\springframework\cloud\spring-cloud-commons\3.0.3\spring-cloud-commons-3.0.3.jar;C:\Users\Sayantan\.m2\repository\org\springframework\security\spring-security-rsa\1.0.10.RELEASE\spring-security-rsa-1.0.10.RELEASE.jar;C:\Users\Sayantan\.m2\repository\org\bouncycastle\bcpkix-jdk15on\1.68\bcpkix-jdk15on-1.68.jar;C:\Users\Sayantan\.m2\repository\org\bouncycastle\bcprov-jdk15on\1.68\bcprov-jdk15on-1.68.jar;C:\Users\Sayantan\.m2\repository\org\springframework\cloud\spring-cloud-config-client\3.0.4\spring-cloud-config-client-3.0.4.jar;C:\Users\Sayantan\.m2\repository\com\fasterxml\jackson\core\jackson-annotations\2.12.3\jackson-annotations-2.12.3.jar;C:\Users\Sayantan\.m2\repository\org\apache\httpcomponents\httpclient\4.5.13\httpclient-4.5.13.jar;C:\Users\Sayantan\.m2\repository\org\apache\httpcomponents\httpcore\4.4.14\httpcore-4.4.14.jar;C:\Users\Sayantan\.m2\repository\commons-codec\commons-codec\1.15\commons-codec-1.15.jar;C:\Users\Sayantan\.m2\repository\com\fasterxml\jackson\core\jackson-databind\2.12.3\jackson-databind-2.12.3.jar;C:\Users\Sayantan\.m2\repository\com\fasterxml\jackson\core\jackson-core\2.12.3\jackson-core-2.12.3.jar;C:\Users\Sayantan\.m2\repository\org\springframework\cloud\spring-cloud-starter-netflix-eureka-client\3.0.3\spring-cloud-starter-netflix-eureka-client-3.0.3.jar;C:\Users\Sayantan\.m2\repository\org\springframework\cloud\spring-cloud-netflix-eureka-client\3.0.3\spring-cloud-netflix-eureka-client-3.0.3.jar;C:\Users\Sayantan\.m2\repository\com\netflix\eureka\eureka-client\1.10.14\eureka-client-1.10.14.jar;C:\Users\Sayantan\.m2\repository\com\netflix\netflix-commons\netflix-eventbus\0.3.0\netflix-eventbus-0.3.0.jar;C:\Users\Sayantan\.m2\repository\com\netflix\netflix-commons\netflix-infix\0.3.0\netflix-infix-0.3.0.jar;C:\Users\Sayantan\.m2\repository\commons-jxpath\commons-jxpath\1.3\commons-jxpath-1.3.jar;C:\Users\Sayantan\.m2\repository\joda-time\joda-time\2.3\joda-time-2.3.jar;C:\Users\Sayantan\.m2\repository\org\antlr\antlr-runtime\3.4\antlr-runtime-3.4.jar;C:\Users\Sayantan\.m2\repository\org\antlr\stringtemplate\3.2.1\stringtemplate-3.2.1.jar;C:\Users\Sayantan\.m2\repository\com\google\code\gson\gson\2.8.7\gson-2.8.7.jar;C:\Users\Sayantan\.m2\repository\org\apache\commons\commons-math\2.2\commons-math-2.2.jar;C:\Users\Sayantan\.m2\repository\com\thoughtworks\xstream\xstream\1.4.16\xstream-1.4.16.jar;C:\Users\Sayantan\.m2\repository\io\github\x-stream\mxparser\1.2.1\mxparser-1.2.1.jar;C:\Users\Sayantan\.m2\repository\xmlpull\xmlpull\1.1.3.1\xmlpull-1.1.3.1.jar;C:\Users\Sayantan\.m2\repository\javax\ws\rs\jsr311-api\1.1.1\jsr311-api-1.1.1.jar;C:\Users\Sayantan\.m2\repository\com\netflix\servo\servo-core\0.12.21\servo-core-0.12.21.jar;C:\Users\Sayantan\.m2\repository\com\google\guava\guava\19.0\guava-19.0.jar;C:\Users\Sayantan\.m2\repository\commons-configuration\commons-configuration\1.10\commons-configuration-1.10.jar;C:\Users\Sayantan\.m2\repository\commons-lang\commons-lang\2.6\commons-lang-2.6.jar;C:\Users\Sayantan\.m2\repository\com\google\inject\guice\4.1.0\guice-4.1.0.jar;C:\Users\Sayantan\.m2\repository\javax\inject\javax.inject\1\javax.inject-1.jar;C:\Users\Sayantan\.m2\repository\aopalliance\aopalliance\1.0\aopalliance-1.0.jar;C:\Users\Sayantan\.m2\repository\org\codehaus\jettison\jettison\1.4.0\jettison-1.4.0.jar;C:\Users\Sayantan\.m2\repository\com\netflix\eureka\eureka-core\1.10.14\eureka-core-1.10.14.jar;C:\Users\Sayantan\.m2\repository\com\fasterxml\woodstox\woodstox-core\6.2.1\woodstox-core-6.2.1.jar;C:\Users\Sayantan\.m2\repository\org\codehaus\woodstox\stax2-api\4.2.1\stax2-api-4.2.1.jar;C:\Users\Sayantan\.m2\repository\org\springframework\cloud\spring-cloud-starter-loadbalancer\3.0.3\spring-cloud-starter-loadbalancer-3.0.3.jar;C:\Users\Sayantan\.m2\repository\org\springframework\cloud\spring-cloud-loadbalancer\3.0.3\spring-cloud-loadbalancer-3.0.3.jar;C:\Users\Sayantan\.m2\repository\org\springframework\boot\spring-boot-starter-validation\2.5.1\spring-boot-starter-validation-2.5.1.jar;C:\Users\Sayantan\.m2\repository\org\hibernate\validator\hibernate-validator\6.2.0.Final\hibernate-validator-6.2.0.Final.jar;C:\Users\Sayantan\.m2\repository\jakarta\validation\jakarta.validation-api\2.0.2\jakarta.validation-api-2.0.2.jar;C:\Users\Sayantan\.m2\repository\io\projectreactor\reactor-core\3.4.6\reactor-core-3.4.6.jar;C:\Users\Sayantan\.m2\repository\org\reactivestreams\reactive-streams\1.0.3\reactive-streams-1.0.3.jar;C:\Users\Sayantan\.m2\repository\io\projectreactor\addons\reactor-extra\3.4.3\reactor-extra-3.4.3.jar;C:\Users\Sayantan\.m2\repository\org\springframework\boot\spring-boot-starter-cache\2.5.1\spring-boot-starter-cache-2.5.1.jar;C:\Users\Sayantan\.m2\repository\org\springframework\spring-context-support\5.3.8\spring-context-support-5.3.8.jar;C:\Users\Sayantan\.m2\repository\com\stoyanr\evictor\1.0.0\evictor-1.0.0.jar;C:\Users\Sayantan\.m2\repository\org\springframework\cloud\spring-cloud-starter-feign\1.4.7.RELEASE\spring-cloud-starter-feign-1.4.7.RELEASE.jar;C:\Users\Sayantan\.m2\repository\org\springframework\cloud\spring-cloud-starter-openfeign\3.0.3\spring-cloud-starter-openfeign-3.0.3.jar;C:\Users\Sayantan\.m2\repository\org\springframework\cloud\spring-cloud-openfeign-core\3.0.3\spring-cloud-openfeign-core-3.0.3.jar;C:\Users\Sayantan\.m2\repository\io\github\openfeign\form\feign-form-spring\3.8.0\feign-form-spring-3.8.0.jar;C:\Users\Sayantan\.m2\repository\io\github\openfeign\form\feign-form\3.8.0\feign-form-3.8.0.jar;C:\Users\Sayantan\.m2\repository\commons-fileupload\commons-fileupload\1.4\commons-fileupload-1.4.jar;C:\Users\Sayantan\.m2\repository\commons-io\commons-io\2.2\commons-io-2.2.jar;C:\Users\Sayantan\.m2\repository\io\github\openfeign\feign-core\10.12\feign-core-10.12.jar;C:\Users\Sayantan\.m2\repository\io\github\openfeign\feign-slf4j\10.12\feign-slf4j-10.12.jar;C:\Users\Sayantan\.m2\repository\org\springframework\boot\spring-boot-devtools\2.5.1\spring-boot-devtools-2.5.1.jar;C:\Users\Sayantan\.m2\repository\org\springframework\boot\spring-boot\2.5.1\spring-boot-2.5.1.jar;C:\Users\Sayantan\.m2\repository\org\springframework\boot\spring-boot-autoconfigure\2.5.1\spring-boot-autoconfigure-2.5.1.jar;C:\Users\Sayantan\.m2\repository\com\h2database\h2\1.4.200\h2-1.4.200.jar;C:\Users\Sayantan\.m2\repository\org\projectlombok\lombok\1.18.20\lombok-1.18.20.jar;C:\Users\Sayantan\.m2\repository\org\springframework\cloud\spring-cloud-starter-bootstrap\3.0.3\spring-cloud-starter-bootstrap-3.0.3.jar;C:\Users\Sayantan\.m2\repository\org\springframework\boot\spring-boot-starter-test\2.5.1\spring-boot-starter-test-2.5.1.jar;C:\Users\Sayantan\.m2\repository\org\springframework\boot\spring-boot-test\2.5.1\spring-boot-test-2.5.1.jar;C:\Users\Sayantan\.m2\repository\org\springframework\boot\spring-boot-test-autoconfigure\2.5.1\spring-boot-test-autoconfigure-2.5.1.jar;C:\Users\Sayantan\.m2\repository\com\jayway\jsonpath\json-path\2.5.0\json-path-2.5.0.jar;C:\Users\Sayantan\.m2\repository\net\minidev\json-smart\2.4.7\json-smart-2.4.7.jar;C:\Users\Sayantan\.m2\repository\net\minidev\accessors-smart\2.4.7\accessors-smart-2.4.7.jar;C:\Users\Sayantan\.m2\repository\org\ow2\asm\asm\9.1\asm-9.1.jar;C:\Users\Sayantan\.m2\repository\jakarta\xml\bind\jakarta.xml.bind-api\2.3.3\jakarta.xml.bind-api-2.3.3.jar;C:\Users\Sayantan\.m2\repository\jakarta\activation\jakarta.activation-api\1.2.2\jakarta.activation-api-1.2.2.jar;C:\Users\Sayantan\.m2\repository\org\assertj\assertj-core\3.19.0\assertj-core-3.19.0.jar;C:\Users\Sayantan\.m2\repository\org\hamcrest\hamcrest\2.2\hamcrest-2.2.jar;C:\Users\Sayantan\.m2\repository\org\junit\jupiter\junit-jupiter\5.7.2\junit-jupiter-5.7.2.jar;C:\Users\Sayantan\.m2\repository\org\junit\jupiter\junit-jupiter-api\5.7.2\junit-jupiter-api-5.7.2.jar;C:\Users\Sayantan\.m2\repository\org\apiguardian\apiguardian-api\1.1.0\apiguardian-api-1.1.0.jar;C:\Users\Sayantan\.m2\repository\org\opentest4j\opentest4j\1.2.0\opentest4j-1.2.0.jar;C:\Users\Sayantan\.m2\repository\org\junit\platform\junit-platform-commons\1.7.2\junit-platform-commons-1.7.2.jar;C:\Users\Sayantan\.m2\repository\org\junit\jupiter\junit-jupiter-params\5.7.2\junit-jupiter-params-5.7.2.jar;C:\Users\Sayantan\.m2\repository\org\junit\jupiter\junit-jupiter-engine\5.7.2\junit-jupiter-engine-5.7.2.jar;C:\Users\Sayantan\.m2\repository\org\junit\platform\junit-platform-engine\1.7.2\junit-platform-engine-1.7.2.jar;C:\Users\Sayantan\.m2\repository\org\mockito\mockito-core\3.9.0\mockito-core-3.9.0.jar;C:\Users\Sayantan\.m2\repository\net\bytebuddy\byte-buddy-agent\1.10.22\byte-buddy-agent-1.10.22.jar;C:\Users\Sayantan\.m2\repository\org\objenesis\objenesis\3.2\objenesis-3.2.jar;C:\Users\Sayantan\.m2\repository\org\mockito\mockito-junit-jupiter\3.9.0\mockito-junit-jupiter-3.9.0.jar;C:\Users\Sayantan\.m2\repository\org\skyscreamer\jsonassert\1.5.0\jsonassert-1.5.0.jar;C:\Users\Sayantan\.m2\repository\com\vaadin\external\google\android-json\0.0.20131108.vaadin1\android-json-0.0.20131108.vaadin1.jar;C:\Users\Sayantan\.m2\repository\org\springframework\spring-core\5.3.8\spring-core-5.3.8.jar;C:\Users\Sayantan\.m2\repository\org\springframework\spring-jcl\5.3.8\spring-jcl-5.3.8.jar;C:\Users\Sayantan\.m2\repository\org\springframework\spring-test\5.3.8\spring-test-5.3.8.jar;C:\Users\Sayantan\.m2\repository\org\xmlunit\xmlunit-core\2.8.2\xmlunit-core-2.8.2.jar;"/>
    <property name="java.vm.vendor" value="Oracle Corporation"/>
    <property name="sun.arch.data.model" value="64"/>
    <property name="user.variant" value=""/>
    <property name="java.vendor.url" value="http://java.oracle.com/"/>
    <property name="user.timezone" value="Asia/Calcutta"/>
    <property name="java.vm.specification.version" value="1.8"/>
    <property name="os.name" value="Windows 10"/>
    <property name="user.country" value="US"/>
    <property name="sun.java.launcher" value="SUN_STANDARD"/>
    <property name="sun.boot.library.path" value="C:\Program Files\Java\jdk1.8.0_241\jre\bin"/>
    <property name="sun.java.command" value="C:\Users\Sayantan\AppData\Local\Temp\surefire382361393869340789\surefirebooter8779398315846757135.jar C:\Users\Sayantan\AppData\Local\Temp\surefire382361393869340789 2021-06-24T08-48-09_736-jvmRun1 surefire4431865938039815877tmp surefire_08556606057308671779tmp"/>
    <property name="surefire.test.class.path" value="C:\Users\Sayantan\Desktop\Currency\conversion\target\test-classes;C:\Users\Sayantan\Desktop\Currency\conversion\target\classes;C:\Users\Sayantan\.m2\repository\org\springframework\boot\spring-boot-starter-actuator\2.5.1\spring-boot-starter-actuator-2.5.1.jar;C:\Users\Sayantan\.m2\repository\org\springframework\boot\spring-boot-starter\2.5.1\spring-boot-starter-2.5.1.jar;C:\Users\Sayantan\.m2\repository\org\springframework\boot\spring-boot-starter-logging\2.5.1\spring-boot-starter-logging-2.5.1.jar;C:\Users\Sayantan\.m2\repository\ch\qos\logback\logback-classic\1.2.3\logback-classic-1.2.3.jar;C:\Users\Sayantan\.m2\repository\ch\qos\logback\logback-core\1.2.3\logback-core-1.2.3.jar;C:\Users\Sayantan\.m2\repository\org\apache\logging\log4j\log4j-to-slf4j\2.14.1\log4j-to-slf4j-2.14.1.jar;C:\Users\Sayantan\.m2\repository\org\apache\logging\log4j\log4j-api\2.14.1\log4j-api-2.14.1.jar;C:\Users\Sayantan\.m2\repository\org\slf4j\jul-to-slf4j\1.7.30\jul-to-slf4j-1.7.30.jar;C:\Users\Sayantan\.m2\repository\jakarta\annotation\jakarta.annotation-api\1.3.5\jakarta.annotation-api-1.3.5.jar;C:\Users\Sayantan\.m2\repository\org\yaml\snakeyaml\1.28\snakeyaml-1.28.jar;C:\Users\Sayantan\.m2\repository\org\springframework\boot\spring-boot-actuator-autoconfigure\2.5.1\spring-boot-actuator-autoconfigure-2.5.1.jar;C:\Users\Sayantan\.m2\repository\org\springframework\boot\spring-boot-actuator\2.5.1\spring-boot-actuator-2.5.1.jar;C:\Users\Sayantan\.m2\repository\com\fasterxml\jackson\datatype\jackson-datatype-jsr310\2.12.3\jackson-datatype-jsr310-2.12.3.jar;C:\Users\Sayantan\.m2\repository\io\micrometer\micrometer-core\1.7.0\micrometer-core-1.7.0.jar;C:\Users\Sayantan\.m2\repository\org\hdrhistogram\HdrHistogram\2.1.12\HdrHistogram-2.1.12.jar;C:\Users\Sayantan\.m2\repository\org\latencyutils\LatencyUtils\2.0.3\LatencyUtils-2.0.3.jar;C:\Users\Sayantan\.m2\repository\org\springframework\boot\spring-boot-starter-data-jpa\2.5.1\spring-boot-starter-data-jpa-2.5.1.jar;C:\Users\Sayantan\.m2\repository\org\springframework\boot\spring-boot-starter-aop\2.5.1\spring-boot-starter-aop-2.5.1.jar;C:\Users\Sayantan\.m2\repository\org\springframework\spring-aop\5.3.8\spring-aop-5.3.8.jar;C:\Users\Sayantan\.m2\repository\org\aspectj\aspectjweaver\1.9.6\aspectjweaver-1.9.6.jar;C:\Users\Sayantan\.m2\repository\org\springframework\boot\spring-boot-starter-jdbc\2.5.1\spring-boot-starter-jdbc-2.5.1.jar;C:\Users\Sayantan\.m2\repository\com\zaxxer\HikariCP\4.0.3\HikariCP-4.0.3.jar;C:\Users\Sayantan\.m2\repository\org\springframework\spring-jdbc\5.3.8\spring-jdbc-5.3.8.jar;C:\Users\Sayantan\.m2\repository\jakarta\transaction\jakarta.transaction-api\1.3.3\jakarta.transaction-api-1.3.3.jar;C:\Users\Sayantan\.m2\repository\jakarta\persistence\jakarta.persistence-api\2.2.3\jakarta.persistence-api-2.2.3.jar;C:\Users\Sayantan\.m2\repository\org\hibernate\hibernate-core\5.4.32.Final\hibernate-core-5.4.32.Final.jar;C:\Users\Sayantan\.m2\repository\org\jboss\logging\jboss-logging\3.4.2.Final\jboss-logging-3.4.2.Final.jar;C:\Users\Sayantan\.m2\repository\org\javassist\javassist\3.27.0-GA\javassist-3.27.0-GA.jar;C:\Users\Sayantan\.m2\repository\net\bytebuddy\byte-buddy\1.10.22\byte-buddy-1.10.22.jar;C:\Users\Sayantan\.m2\repository\antlr\antlr\2.7.7\antlr-2.7.7.jar;C:\Users\Sayantan\.m2\repository\org\jboss\jandex\2.2.3.Final\jandex-2.2.3.Final.jar;C:\Users\Sayantan\.m2\repository\com\fasterxml\classmate\1.5.1\classmate-1.5.1.jar;C:\Users\Sayantan\.m2\repository\org\dom4j\dom4j\2.1.3\dom4j-2.1.3.jar;C:\Users\Sayantan\.m2\repository\org\hibernate\common\hibernate-commons-annotations\5.1.2.Final\hibernate-commons-annotations-5.1.2.Final.jar;C:\Users\Sayantan\.m2\repository\org\glassfish\jaxb\jaxb-runtime\2.3.4\jaxb-runtime-2.3.4.jar;C:\Users\Sayantan\.m2\repository\org\glassfish\jaxb\txw2\2.3.4\txw2-2.3.4.jar;C:\Users\Sayantan\.m2\repository\com\sun\istack\istack-commons-runtime\3.0.12\istack-commons-runtime-3.0.12.jar;C:\Users\Sayantan\.m2\repository\com\sun\activation\jakarta.activation\1.2.2\jakarta.activation-1.2.2.jar;C:\Users\Sayantan\.m2\repository\org\springframework\data\spring-data-jpa\2.5.1\spring-data-jpa-2.5.1.jar;C:\Users\Sayantan\.m2\repository\org\springframework\data\spring-data-commons\2.5.1\spring-data-commons-2.5.1.jar;C:\Users\Sayantan\.m2\repository\org\springframework\spring-orm\5.3.8\spring-orm-5.3.8.jar;C:\Users\Sayantan\.m2\repository\org\springframework\spring-context\5.3.8\spring-context-5.3.8.jar;C:\Users\Sayantan\.m2\repository\org\springframework\spring-tx\5.3.8\spring-tx-5.3.8.jar;C:\Users\Sayantan\.m2\repository\org\springframework\spring-beans\5.3.8\spring-beans-5.3.8.jar;C:\Users\Sayantan\.m2\repository\org\slf4j\slf4j-api\1.7.30\slf4j-api-1.7.30.jar;C:\Users\Sayantan\.m2\repository\org\springframework\spring-aspects\5.3.8\spring-aspects-5.3.8.jar;C:\Users\Sayantan\.m2\repository\org\springframework\boot\spring-boot-starter-web\2.5.1\spring-boot-starter-web-2.5.1.jar;C:\Users\Sayantan\.m2\repository\org\springframework\boot\spring-boot-starter-json\2.5.1\spring-boot-starter-json-2.5.1.jar;C:\Users\Sayantan\.m2\repository\com\fasterxml\jackson\datatype\jackson-datatype-jdk8\2.12.3\jackson-datatype-jdk8-2.12.3.jar;C:\Users\Sayantan\.m2\repository\com\fasterxml\jackson\module\jackson-module-parameter-names\2.12.3\jackson-module-parameter-names-2.12.3.jar;C:\Users\Sayantan\.m2\repository\org\springframework\boot\spring-boot-starter-tomcat\2.5.1\spring-boot-starter-tomcat-2.5.1.jar;C:\Users\Sayantan\.m2\repository\org\apache\tomcat\embed\tomcat-embed-core\9.0.46\tomcat-embed-core-9.0.46.jar;C:\Users\Sayantan\.m2\repository\org\apache\tomcat\embed\tomcat-embed-el\9.0.46\tomcat-embed-el-9.0.46.jar;C:\Users\Sayantan\.m2\repository\org\apache\tomcat\embed\tomcat-embed-websocket\9.0.46\tomcat-embed-websocket-9.0.46.jar;C:\Users\Sayantan\.m2\repository\org\springframework\spring-web\5.3.8\spring-web-5.3.8.jar;C:\Users\Sayantan\.m2\repository\org\springframework\spring-webmvc\5.3.8\spring-webmvc-5.3.8.jar;C:\Users\Sayantan\.m2\repository\org\springframework\spring-expression\5.3.8\spring-expression-5.3.8.jar;C:\Users\Sayantan\.m2\repository\org\springframework\cloud\spring-cloud-starter-config\3.0.4\spring-cloud-starter-config-3.0.4.jar;C:\Users\Sayantan\.m2\repository\org\springframework\cloud\spring-cloud-starter\3.0.3\spring-cloud-starter-3.0.3.jar;C:\Users\Sayantan\.m2\repository\org\springframework\cloud\spring-cloud-context\3.0.3\spring-cloud-context-3.0.3.jar;C:\Users\Sayantan\.m2\repository\org\springframework\security\spring-security-crypto\5.5.0\spring-security-crypto-5.5.0.jar;C:\Users\Sayantan\.m2\repository\org\springframework\cloud\spring-cloud-commons\3.0.3\spring-cloud-commons-3.0.3.jar;C:\Users\Sayantan\.m2\repository\org\springframework\security\spring-security-rsa\1.0.10.RELEASE\spring-security-rsa-1.0.10.RELEASE.jar;C:\Users\Sayantan\.m2\repository\org\bouncycastle\bcpkix-jdk15on\1.68\bcpkix-jdk15on-1.68.jar;C:\Users\Sayantan\.m2\repository\org\bouncycastle\bcprov-jdk15on\1.68\bcprov-jdk15on-1.68.jar;C:\Users\Sayantan\.m2\repository\org\springframework\cloud\spring-cloud-config-client\3.0.4\spring-cloud-config-client-3.0.4.jar;C:\Users\Sayantan\.m2\repository\com\fasterxml\jackson\core\jackson-annotations\2.12.3\jackson-annotations-2.12.3.jar;C:\Users\Sayantan\.m2\repository\org\apache\httpcomponents\httpclient\4.5.13\httpclient-4.5.13.jar;C:\Users\Sayantan\.m2\repository\org\apache\httpcomponents\httpcore\4.4.14\httpcore-4.4.14.jar;C:\Users\Sayantan\.m2\repository\commons-codec\commons-codec\1.15\commons-codec-1.15.jar;C:\Users\Sayantan\.m2\repository\com\fasterxml\jackson\core\jackson-databind\2.12.3\jackson-databind-2.12.3.jar;C:\Users\Sayantan\.m2\repository\com\fasterxml\jackson\core\jackson-core\2.12.3\jackson-core-2.12.3.jar;C:\Users\Sayantan\.m2\repository\org\springframework\cloud\spring-cloud-starter-netflix-eureka-client\3.0.3\spring-cloud-starter-netflix-eureka-client-3.0.3.jar;C:\Users\Sayantan\.m2\repository\org\springframework\cloud\spring-cloud-netflix-eureka-client\3.0.3\spring-cloud-netflix-eureka-client-3.0.3.jar;C:\Users\Sayantan\.m2\repository\com\netflix\eureka\eureka-client\1.10.14\eureka-client-1.10.14.jar;C:\Users\Sayantan\.m2\repository\com\netflix\netflix-commons\netflix-eventbus\0.3.0\netflix-eventbus-0.3.0.jar;C:\Users\Sayantan\.m2\repository\com\netflix\netflix-commons\netflix-infix\0.3.0\netflix-infix-0.3.0.jar;C:\Users\Sayantan\.m2\repository\commons-jxpath\commons-jxpath\1.3\commons-jxpath-1.3.jar;C:\Users\Sayantan\.m2\repository\joda-time\joda-time\2.3\joda-time-2.3.jar;C:\Users\Sayantan\.m2\repository\org\antlr\antlr-runtime\3.4\antlr-runtime-3.4.jar;C:\Users\Sayantan\.m2\repository\org\antlr\stringtemplate\3.2.1\stringtemplate-3.2.1.jar;C:\Users\Sayantan\.m2\repository\com\google\code\gson\gson\2.8.7\gson-2.8.7.jar;C:\Users\Sayantan\.m2\repository\org\apache\commons\commons-math\2.2\commons-math-2.2.jar;C:\Users\Sayantan\.m2\repository\com\thoughtworks\xstream\xstream\1.4.16\xstream-1.4.16.jar;C:\Users\Sayantan\.m2\repository\io\github\x-stream\mxparser\1.2.1\mxparser-1.2.1.jar;C:\Users\Sayantan\.m2\repository\xmlpull\xmlpull\1.1.3.1\xmlpull-1.1.3.1.jar;C:\Users\Sayantan\.m2\repository\javax\ws\rs\jsr311-api\1.1.1\jsr311-api-1.1.1.jar;C:\Users\Sayantan\.m2\repository\com\netflix\servo\servo-core\0.12.21\servo-core-0.12.21.jar;C:\Users\Sayantan\.m2\repository\com\google\guava\guava\19.0\guava-19.0.jar;C:\Users\Sayantan\.m2\repository\commons-configuration\commons-configuration\1.10\commons-configuration-1.10.jar;C:\Users\Sayantan\.m2\repository\commons-lang\commons-lang\2.6\commons-lang-2.6.jar;C:\Users\Sayantan\.m2\repository\com\google\inject\guice\4.1.0\guice-4.1.0.jar;C:\Users\Sayantan\.m2\repository\javax\inject\javax.inject\1\javax.inject-1.jar;C:\Users\Sayantan\.m2\repository\aopalliance\aopalliance\1.0\aopalliance-1.0.jar;C:\Users\Sayantan\.m2\repository\org\codehaus\jettison\jettison\1.4.0\jettison-1.4.0.jar;C:\Users\Sayantan\.m2\repository\com\netflix\eureka\eureka-core\1.10.14\eureka-core-1.10.14.jar;C:\Users\Sayantan\.m2\repository\com\fasterxml\woodstox\woodstox-core\6.2.1\woodstox-core-6.2.1.jar;C:\Users\Sayantan\.m2\repository\org\codehaus\woodstox\stax2-api\4.2.1\stax2-api-4.2.1.jar;C:\Users\Sayantan\.m2\repository\org\springframework\cloud\spring-cloud-starter-loadbalancer\3.0.3\spring-cloud-starter-loadbalancer-3.0.3.jar;C:\Users\Sayantan\.m2\repository\org\springframework\cloud\spring-cloud-loadbalancer\3.0.3\spring-cloud-loadbalancer-3.0.3.jar;C:\Users\Sayantan\.m2\repository\org\springframework\boot\spring-boot-starter-validation\2.5.1\spring-boot-starter-validation-2.5.1.jar;C:\Users\Sayantan\.m2\repository\org\hibernate\validator\hibernate-validator\6.2.0.Final\hibernate-validator-6.2.0.Final.jar;C:\Users\Sayantan\.m2\repository\jakarta\validation\jakarta.validation-api\2.0.2\jakarta.validation-api-2.0.2.jar;C:\Users\Sayantan\.m2\repository\io\projectreactor\reactor-core\3.4.6\reactor-core-3.4.6.jar;C:\Users\Sayantan\.m2\repository\org\reactivestreams\reactive-streams\1.0.3\reactive-streams-1.0.3.jar;C:\Users\Sayantan\.m2\repository\io\projectreactor\addons\reactor-extra\3.4.3\reactor-extra-3.4.3.jar;C:\Users\Sayantan\.m2\repository\org\springframework\boot\spring-boot-starter-cache\2.5.1\spring-boot-starter-cache-2.5.1.jar;C:\Users\Sayantan\.m2\repository\org\springframework\spring-context-support\5.3.8\spring-context-support-5.3.8.jar;C:\Users\Sayantan\.m2\repository\com\stoyanr\evictor\1.0.0\evictor-1.0.0.jar;C:\Users\Sayantan\.m2\repository\org\springframework\cloud\spring-cloud-starter-feign\1.4.7.RELEASE\spring-cloud-starter-feign-1.4.7.RELEASE.jar;C:\Users\Sayantan\.m2\repository\org\springframework\cloud\spring-cloud-starter-openfeign\3.0.3\spring-cloud-starter-openfeign-3.0.3.jar;C:\Users\Sayantan\.m2\repository\org\springframework\cloud\spring-cloud-openfeign-core\3.0.3\spring-cloud-openfeign-core-3.0.3.jar;C:\Users\Sayantan\.m2\repository\io\github\openfeign\form\feign-form-spring\3.8.0\feign-form-spring-3.8.0.jar;C:\Users\Sayantan\.m2\repository\io\github\openfeign\form\feign-form\3.8.0\feign-form-3.8.0.jar;C:\Users\Sayantan\.m2\repository\commons-fileupload\commons-fileupload\1.4\commons-fileupload-1.4.jar;C:\Users\Sayantan\.m2\repository\commons-io\commons-io\2.2\commons-io-2.2.jar;C:\Users\Sayantan\.m2\repository\io\github\openfeign\feign-core\10.12\feign-core-10.12.jar;C:\Users\Sayantan\.m2\repository\io\github\openfeign\feign-slf4j\10.12\feign-slf4j-10.12.jar;C:\Users\Sayantan\.m2\repository\org\springframework\boot\spring-boot-devtools\2.5.1\spring-boot-devtools-2.5.1.jar;C:\Users\Sayantan\.m2\repository\org\springframework\boot\spring-boot\2.5.1\spring-boot-2.5.1.jar;C:\Users\Sayantan\.m2\repository\org\springframework\boot\spring-boot-autoconfigure\2.5.1\spring-boot-autoconfigure-2.5.1.jar;C:\Users\Sayantan\.m2\repository\com\h2database\h2\1.4.200\h2-1.4.200.jar;C:\Users\Sayantan\.m2\repository\org\projectlombok\lombok\1.18.20\lombok-1.18.20.jar;C:\Users\Sayantan\.m2\repository\org\springframework\cloud\spring-cloud-starter-bootstrap\3.0.3\spring-cloud-starter-bootstrap-3.0.3.jar;C:\Users\Sayantan\.m2\repository\org\springframework\boot\spring-boot-starter-test\2.5.1\spring-boot-starter-test-2.5.1.jar;C:\Users\Sayantan\.m2\repository\org\springframework\boot\spring-boot-test\2.5.1\spring-boot-test-2.5.1.jar;C:\Users\Sayantan\.m2\repository\org\springframework\boot\spring-boot-test-autoconfigure\2.5.1\spring-boot-test-autoconfigure-2.5.1.jar;C:\Users\Sayantan\.m2\repository\com\jayway\jsonpath\json-path\2.5.0\json-path-2.5.0.jar;C:\Users\Sayantan\.m2\repository\net\minidev\json-smart\2.4.7\json-smart-2.4.7.jar;C:\Users\Sayantan\.m2\repository\net\minidev\accessors-smart\2.4.7\accessors-smart-2.4.7.jar;C:\Users\Sayantan\.m2\repository\org\ow2\asm\asm\9.1\asm-9.1.jar;C:\Users\Sayantan\.m2\repository\jakarta\xml\bind\jakarta.xml.bind-api\2.3.3\jakarta.xml.bind-api-2.3.3.jar;C:\Users\Sayantan\.m2\repository\jakarta\activation\jakarta.activation-api\1.2.2\jakarta.activation-api-1.2.2.jar;C:\Users\Sayantan\.m2\repository\org\assertj\assertj-core\3.19.0\assertj-core-3.19.0.jar;C:\Users\Sayantan\.m2\repository\org\hamcrest\hamcrest\2.2\hamcrest-2.2.jar;C:\Users\Sayantan\.m2\repository\org\junit\jupiter\junit-jupiter\5.7.2\junit-jupiter-5.7.2.jar;C:\Users\Sayantan\.m2\repository\org\junit\jupiter\junit-jupiter-api\5.7.2\junit-jupiter-api-5.7.2.jar;C:\Users\Sayantan\.m2\repository\org\apiguardian\apiguardian-api\1.1.0\apiguardian-api-1.1.0.jar;C:\Users\Sayantan\.m2\repository\org\opentest4j\opentest4j\1.2.0\opentest4j-1.2.0.jar;C:\Users\Sayantan\.m2\repository\org\junit\platform\junit-platform-commons\1.7.2\junit-platform-commons-1.7.2.jar;C:\Users\Sayantan\.m2\repository\org\junit\jupiter\junit-jupiter-params\5.7.2\junit-jupiter-params-5.7.2.jar;C:\Users\Sayantan\.m2\repository\org\junit\jupiter\junit-jupiter-engine\5.7.2\junit-jupiter-engine-5.7.2.jar;C:\Users\Sayantan\.m2\repository\org\junit\platform\junit-platform-engine\1.7.2\junit-platform-engine-1.7.2.jar;C:\Users\Sayantan\.m2\repository\org\mockito\mockito-core\3.9.0\mockito-core-3.9.0.jar;C:\Users\Sayantan\.m2\repository\net\bytebuddy\byte-buddy-agent\1.10.22\byte-buddy-agent-1.10.22.jar;C:\Users\Sayantan\.m2\repository\org\objenesis\objenesis\3.2\objenesis-3.2.jar;C:\Users\Sayantan\.m2\repository\org\mockito\mockito-junit-jupiter\3.9.0\mockito-junit-jupiter-3.9.0.jar;C:\Users\Sayantan\.m2\repository\org\skyscreamer\jsonassert\1.5.0\jsonassert-1.5.0.jar;C:\Users\Sayantan\.m2\repository\com\vaadin\external\google\android-json\0.0.20131108.vaadin1\android-json-0.0.20131108.vaadin1.jar;C:\Users\Sayantan\.m2\repository\org\springframework\spring-core\5.3.8\spring-core-5.3.8.jar;C:\Users\Sayantan\.m2\repository\org\springframework\spring-jcl\5.3.8\spring-jcl-5.3.8.jar;C:\Users\Sayantan\.m2\repository\org\springframework\spring-test\5.3.8\spring-test-5.3.8.jar;C:\Users\Sayantan\.m2\repository\org\xmlunit\xmlunit-core\2.8.2\xmlunit-core-2.8.2.jar;"/>
    <property name="sun.cpu.endian" value="little"/>
    <property name="user.home" value="C:\Users\Sayantan"/>
    <property name="user.language" value="en"/>
    <property name="java.specification.vendor" value="Oracle Corporation"/>
    <property name="java.home" value="C:\Program Files\Java\jdk1.8.0_241\jre"/>
    <property name="basedir" value="C:\Users\Sayantan\Desktop\Currency\conversion"/>
    <property name="file.separator" value="\"/>
    <property name="line.separator" value="&#10;"/>
    <property name="java.vm.specification.vendor" value="Oracle Corporation"/>
    <property name="java.specification.name" value="Java Platform API Specification"/>
    <property name="java.awt.graphicsenv" value="sun.awt.Win32GraphicsEnvironment"/>
    <property name="surefire.real.class.path" value="C:\Users\Sayantan\AppData\Local\Temp\surefire382361393869340789\surefirebooter8779398315846757135.jar"/>
    <property name="sun.boot.class.path" value="C:\Program Files\Java\jdk1.8.0_241\jre\lib\resources.jar;C:\Program Files\Java\jdk1.8.0_241\jre\lib\rt.jar;C:\Program Files\Java\jdk1.8.0_241\jre\lib\sunrsasign.jar;C:\Program Files\Java\jdk1.8.0_241\jre\lib\jsse.jar;C:\Program Files\Java\jdk1.8.0_241\jre\lib\jce.jar;C:\Program Files\Java\jdk1.8.0_241\jre\lib\charsets.jar;C:\Program Files\Java\jdk1.8.0_241\jre\lib\jfr.jar;C:\Program Files\Java\jdk1.8.0_241\jre\classes"/>
    <property name="user.script" value=""/>
    <property name="sun.management.compiler" value="HotSpot 64-Bit Tiered Compilers"/>
    <property name="java.runtime.version" value="1.8.0_241-b07"/>
    <property name="user.name" value="Sayantan"/>
    <property name="path.separator" value=";"/>
    <property name="os.version" value="10.0"/>
    <property name="java.endorsed.dirs" value="C:\Program Files\Java\jdk1.8.0_241\jre\lib\endorsed"/>
    <property name="java.runtime.name" value="Java(TM) SE Runtime Environment"/>
    <property name="file.encoding" value="Cp1252"/>
    <property name="java.vm.name" value="Java HotSpot(TM) 64-Bit Server VM"/>
    <property name="localRepository" value="C:\Users\Sayantan\.m2\repository"/>
    <property name="java.vendor.url.bug" value="http://bugreport.sun.com/bugreport/"/>
    <property name="java.io.tmpdir" value="C:\Users\Sayantan\AppData\Local\Temp\"/>
    <property name="idea.version" value="2021.1.2"/>
    <property name="java.version" value="1.8.0_241"/>
    <property name="user.dir" value="C:\Users\Sayantan\Desktop\Currency\conversion"/>
    <property name="os.arch" value="amd64"/>
    <property name="java.vm.specification.name" value="Java Virtual Machine Specification"/>
    <property name="java.awt.printerjob" value="sun.awt.windows.WPrinterJob"/>
    <property name="sun.os.patch.level" value=""/>
    <property name="java.library.path" value="C:\Program Files\Java\jdk1.8.0_241\jre\bin;C:\WINDOWS\Sun\Java\bin;C:\WINDOWS\system32;C:\WINDOWS;C:\Program Files\Common Files\Oracle\Java\javapath;C:\Windows\system32;C:\Windows;C:\Windows\System32\Wbem;C:\Windows\System32\WindowsPowerShell\v1.0\;C:\Windows\System32\OpenSSH\;C:\Program Files (x86)\NVIDIA Corporation\PhysX\Common;D:\apache-maven-3.6.1\bin;C:\Program Files\Git\cmd;C:\Program Files\PuTTY\;C:\Users\Sayantan\AppData\Local\Android\Sdk\tools;C:\Program Files\Amazon\AWSCLIV2\;C:\Users\Sayantan\AppData\Local\Android\Sdk\platform-tools;C:\Program Files\nodejs\;C:\WINDOWS\system32;C:\WINDOWS;C:\Program Files\Java\jdk-16\bin;C:\WINDOWS\System32\Wbem;C:\WINDOWS\System32\WindowsPowerShell\v1.0\;C:\WINDOWS\System32\OpenSSH\;C:\Program Files\TortoiseGit\bin;C:\Program Files\Amazon\AWSSAMCLI\bin\;C:\Users\Sayantan\AppData\Local\Microsoft\WindowsApps;C:\Users\Sayantan\AppData\Roaming\npm;C:\Users\Sayantan\AppData\Local\Programs\Microsoft VS Code\bin;;."/>
    <property name="java.vm.info" value="mixed mode"/>
    <property name="java.vendor" value="Oracle Corporation"/>
    <property name="java.vm.version" value="25.241-b07"/>
    <property name="java.ext.dirs" value="C:\Program Files\Java\jdk1.8.0_241\jre\lib\ext;C:\WINDOWS\Sun\Java\lib\ext"/>
    <property name="sun.io.unicode.encoding" value="UnicodeLittle"/>
    <property name="java.class.version" value="52.0"/>
  </properties>
  <testcase name="contextLoads" classname="com.currency.conversion.ConversionApplicationTests" time="0.319"/>
</testsuite>